This file contains any messages produced by compilers while
running configure, to aid debugging if configure makes a mistake.

It was created by configure, which was
generated by GNU Autoconf 2.69.  Invocation command line was

  $ ./configure --with-php-config=/usr/local/bin/php-config

## --------- ##
## Platform. ##
## --------- ##

hostname = e8763d129451
uname -m = x86_64
uname -r = 4.9.87-linuxkit-aufs
uname -s = Linux
uname -v = #1 SMP Wed Mar 14 15:12:16 UTC 2018

/usr/bin/uname -p = unknown
/bin/uname -X     = unknown

/bin/arch              = unknown
/usr/bin/arch -k       = unknown
/usr/convex/getsysinfo = unknown
/usr/bin/hostinfo      = unknown
/bin/machine           = unknown
/usr/bin/oslevel       = unknown
/bin/universe          = unknown

PATH: /usr/local/sbin
PATH: /usr/local/bin
PATH: /usr/sbin
PATH: /usr/bin
PATH: /sbin
PATH: /bin


## ----------- ##
## Core tests. ##
## ----------- ##

configure:2319: checking for grep that handles long lines and -e
configure:2377: result: /bin/grep
configure:2382: checking for egrep
configure:2444: result: /bin/grep -E
configure:2449: checking for a sed that does not truncate output
configure:2503: result: /bin/sed
configure:2640: checking for cc
configure:2656: found /usr/bin/cc
configure:2667: result: cc
configure:2698: checking for C compiler version
configure:2707: cc --version >&5
cc (Debian 8.3.0-6) 8.3.0
Copyright (C) 2018 Free Software Foundation, Inc.
This is free software; see the source for copying conditions.  There is NO
warranty; not even for MERCHANTABILITY or FITNESS FOR A PARTICULAR PURPOSE.

configure:2718: $? = 0
configure:2707: cc -v >&5
Using built-in specs.
COLLECT_GCC=cc
COLLECT_LTO_WRAPPER=/usr/lib/gcc/x86_64-linux-gnu/8/lto-wrapper
OFFLOAD_TARGET_NAMES=nvptx-none
OFFLOAD_TARGET_DEFAULT=1
Target: x86_64-linux-gnu
Configured with: ../src/configure -v --with-pkgversion='Debian 8.3.0-6' --with-bugurl=file:///usr/share/doc/gcc-8/README.Bugs --enable-languages=c,ada,c++,go,brig,d,fortran,objc,obj-c++ --prefix=/usr --with-gcc-major-version-only --program-suffix=-8 --program-prefix=x86_64-linux-gnu- --enable-shared --enable-linker-build-id --libexecdir=/usr/lib --without-included-gettext --enable-threads=posix --libdir=/usr/lib --enable-nls --enable-bootstrap --enable-clocale=gnu --enable-libstdcxx-debug --enable-libstdcxx-time=yes --with-default-libstdcxx-abi=new --enable-gnu-unique-object --disable-vtable-verify --enable-libmpx --enable-plugin --enable-default-pie --with-system-zlib --with-target-system-zlib --enable-objc-gc=auto --enable-multiarch --disable-werror --with-arch-32=i686 --with-abi=m64 --with-multilib-list=m32,m64,mx32 --enable-multilib --with-tune=generic --enable-offload-targets=nvptx-none --without-cuda-driver --enable-checking=release --build=x86_64-linux-gnu --host=x86_64-linux-gnu --target=x86_64-linux-gnu
Thread model: posix
gcc version 8.3.0 (Debian 8.3.0-6) 
configure:2718: $? = 0
configure:2707: cc -V >&5
cc: error: unrecognized command line option '-V'
cc: fatal error: no input files
compilation terminated.
configure:2718: $? = 1
configure:2707: cc -qversion >&5
cc: error: unrecognized command line option '-qversion'; did you mean '--version'?
cc: fatal error: no input files
compilation terminated.
configure:2718: $? = 1
configure:2738: checking whether the C compiler works
configure:2760: cc    conftest.c  >&5
configure:2764: $? = 0
configure:2812: result: yes
configure:2815: checking for C compiler default output file name
configure:2817: result: a.out
configure:2823: checking for suffix of executables
configure:2830: cc -o conftest    conftest.c  >&5
configure:2834: $? = 0
configure:2856: result: 
configure:2878: checking whether we are cross compiling
configure:2886: cc -o conftest    conftest.c  >&5
configure:2890: $? = 0
configure:2897: ./conftest
configure:2901: $? = 0
configure:2889: result: no
configure:2894: checking for suffix of object files
configure:2916: cc -c   conftest.c >&5
configure:2920: $? = 0
configure:2941: result: o
configure:2945: checking whether we are using the GNU C compiler
configure:2964: cc -c   conftest.c >&5
configure:2964: $? = 0
configure:2973: result: yes
configure:2982: checking whether cc accepts -g
configure:3002: cc -c -g  conftest.c >&5
configure:3002: $? = 0
configure:3043: result: yes
configure:3060: checking for cc option to accept ISO C89
configure:3123: cc  -c -g -O2  conftest.c >&5
configure:3123: $? = 0
configure:3136: result: none needed
configure:3162: checking how to run the C preprocessor
configure:3193: cc -E  conftest.c
configure:3193: $? = 0
configure:3207: cc -E  conftest.c
conftest.c:9:10: fatal error: ac_nonexistent.h: No such file or directory
 #include <ac_nonexistent.h>
          ^~~~~~~~~~~~~~~~~~
compilation terminated.
configure:3207: $? = 1
configure: failed program was:
| /* confdefs.h */
| #define PACKAGE_NAME ""
| #define PACKAGE_TARNAME ""
| #define PACKAGE_VERSION ""
| #define PACKAGE_STRING ""
| #define PACKAGE_BUGREPORT ""
| #define PACKAGE_URL ""
| /* end confdefs.h.  */
| #include <ac_nonexistent.h>
configure:3232: result: cc -E
configure:3252: cc -E  conftest.c
configure:3252: $? = 0
configure:3266: cc -E  conftest.c
conftest.c:9:10: fatal error: ac_nonexistent.h: No such file or directory
 #include <ac_nonexistent.h>
          ^~~~~~~~~~~~~~~~~~
compilation terminated.
configure:3266: $? = 1
configure: failed program was:
| /* confdefs.h */
| #define PACKAGE_NAME ""
| #define PACKAGE_TARNAME ""
| #define PACKAGE_VERSION ""
| #define PACKAGE_STRING ""
| #define PACKAGE_BUGREPORT ""
| #define PACKAGE_URL ""
| /* end confdefs.h.  */
| #include <ac_nonexistent.h>
configure:3297: checking for icc
configure:3306: result: no
configure:3320: checking for suncc
configure:3329: result: no
configure:3347: checking whether cc understands -c and -o together
configure:3375: cc -c conftest.c -o conftest2.o >&5
configure:3379: $? = 0
configure:3385: cc -c conftest.c -o conftest2.o >&5
configure:3389: $? = 0
configure:3444: result: yes
configure:3458: checking for system library directory
configure:3473: result: lib
configure:3480: checking if compiler supports -R
configure:3499: cc -o conftest -g -O2   conftest.c -R /usr/lib  >&5
cc: error: unrecognized command line option '-R'
configure:3499: $? = 1
configure: failed program was:
| /* confdefs.h */
| #define PACKAGE_NAME ""
| #define PACKAGE_TARNAME ""
| #define PACKAGE_VERSION ""
| #define PACKAGE_STRING ""
| #define PACKAGE_BUGREPORT ""
| #define PACKAGE_URL ""
| /* end confdefs.h.  */
| 
| int
| main ()
| {
| 
|   ;
|   return 0;
| }
configure:3509: result: no
configure:3514: checking if compiler supports -Wl,-rpath,
configure:3533: cc -o conftest -g -O2   conftest.c -Wl,-rpath,/usr/lib  >&5
configure:3533: $? = 0
configure:3543: result: yes
configure:3588: checking build system type
configure:3602: result: x86_64-unknown-linux-gnu
configure:3622: checking host system type
configure:3635: result: x86_64-unknown-linux-gnu
configure:3655: checking target system type
configure:3668: result: x86_64-unknown-linux-gnu
configure:3771: checking for PHP prefix
configure:3773: result: /usr/local
configure:3775: checking for PHP includes
configure:3777: result: -I/usr/local/include/php -I/usr/local/include/php/main -I/usr/local/include/php/TSRM -I/usr/local/include/php/Zend -I/usr/local/include/php/ext -I/usr/local/include/php/ext/date/lib
configure:3779: checking for PHP extension directory
configure:3781: result: /usr/local/lib/php/extensions/no-debug-non-zts-20170718
configure:3783: checking for PHP installed headers prefix
configure:3785: result: /usr/local/include/php
configure:3788: checking if debug is enabled
configure:3814: result: no
configure:3817: checking if zts is enabled
configure:3843: result: no
configure:3914: checking for re2c
configure:3930: found /usr/bin/re2c
configure:3941: result: re2c
configure:3950: checking for re2c version
configure:3964: result: 1.1.1 (ok)
configure:3983: checking for gawk
configure:4014: result: no
configure:3983: checking for nawk
configure:4000: found /usr/bin/nawk
configure:4011: result: nawk
configure:4034: checking if nawk is broken
configure:4041: result: no
configure:4055: checking whether to enable redis support
configure:4094: result: yes, shared
configure:4103: checking whether to disable sessions
configure:4117: result: yes
configure:4126: checking whether to disable json serializer support
configure:4140: result: yes
configure:4149: checking whether to enable igbinary serializer support
configure:4163: result: no
configure:4172: checking whether to enable msgpack serializer support
configure:4186: result: no
configure:4195: checking whether to enable lzf compression
configure:4209: result: no
configure:4218: checking use system liblzf
configure:4233: result: no
configure:4242: checking whether to enable Zstd compression
configure:4256: result: no
configure:4265: checking use system libsztd
configure:4280: result: yes
configure:4295: checking for json includes
configure:4315: result: /usr/local/include/php
configure:4320: checking for redis json support
configure:4323: result: enabled
configure:4415: checking for redis igbinary support
configure:4479: result: disabled
configure:5223: checking for git
configure:5251: result: no
configure:5611: checking for ld used by cc
configure:5678: result: /usr/bin/ld
configure:5685: checking if the linker (/usr/bin/ld) is GNU ld
configure:5700: result: yes
configure:5705: checking for /usr/bin/ld option to reload object files
configure:5712: result: -r
configure:5730: checking for BSD-compatible nm
configure:5779: result: /usr/bin/nm -B
configure:5783: checking whether ln -s works
configure:5787: result: yes
configure:5794: checking how to recognize dependent libraries
configure:5980: result: pass_all
configure:6065: cc -c -g -O2  conftest.c >&5
configure:6068: $? = 0
configure:6198: checking for ANSI C header files
configure:6218: cc -c -g -O2  conftest.c >&5
configure:6218: $? = 0
configure:6291: cc -o conftest -g -O2   conftest.c  >&5
configure:6291: $? = 0
configure:6291: ./conftest
configure:6291: $? = 0
configure:6302: result: yes
configure:6315: checking for sys/types.h
configure:6315: cc -c -g -O2  conftest.c >&5
configure:6315: $? = 0
configure:6315: result: yes
configure:6315: checking for sys/stat.h
configure:6315: cc -c -g -O2  conftest.c >&5
configure:6315: $? = 0
configure:6315: result: yes
configure:6315: checking for stdlib.h
configure:6315: cc -c -g -O2  conftest.c >&5
configure:6315: $? = 0
configure:6315: result: yes
configure:6315: checking for string.h
configure:6315: cc -c -g -O2  conftest.c >&5
configure:6315: $? = 0
configure:6315: result: yes
configure:6315: checking for memory.h
configure:6315: cc -c -g -O2  conftest.c >&5
configure:6315: $? = 0
configure:6315: result: yes
configure:6315: checking for strings.h
configure:6315: cc -c -g -O2  conftest.c >&5
configure:6315: $? = 0
configure:6315: result: yes
configure:6315: checking for inttypes.h
configure:6315: cc -c -g -O2  conftest.c >&5
configure:6315: $? = 0
configure:6315: result: yes
configure:6315: checking for stdint.h
configure:6315: cc -c -g -O2  conftest.c >&5
configure:6315: $? = 0
configure:6315: result: yes
configure:6315: checking for unistd.h
configure:6315: cc -c -g -O2  conftest.c >&5
configure:6315: $? = 0
configure:6315: result: yes
configure:6329: checking dlfcn.h usability
configure:6329: cc -c -g -O2  conftest.c >&5
configure:6329: $? = 0
configure:6329: result: yes
configure:6329: checking dlfcn.h presence
configure:6329: cc -E  conftest.c
configure:6329: $? = 0
configure:6329: result: yes
configure:6329: checking for dlfcn.h
configure:6329: result: yes
configure:6351: checking the maximum length of command line arguments
configure:6463: result: 1572864
configure:6475: checking command to parse /usr/bin/nm -B output from cc object
configure:6580: cc -c -g -O2  conftest.c >&5
configure:6583: $? = 0
configure:6587: /usr/bin/nm -B conftest.o \| sed -n -e 's/^.*[ 	]\([ABCDGIRSTW][ABCDGIRSTW]*\)[ 	][ 	]*\([_A-Za-z][_A-Za-z0-9]*\)$/\1 \2 \2/p' \> conftest.nm
configure:6590: $? = 0
configure:6642: cc -o conftest -g -O2   conftest.c conftstm.o >&5
configure:6645: $? = 0
configure:6683: result: ok
configure:6687: checking for objdir
configure:6702: result: .libs
configure:6794: checking for ar
configure:6810: found /usr/bin/ar
configure:6821: result: ar
configure:6886: checking for ranlib
configure:6902: found /usr/bin/ranlib
configure:6913: result: ranlib
configure:6978: checking for strip
configure:6994: found /usr/bin/strip
configure:7005: result: strip
configure:7574: checking if cc supports -fno-rtti -fno-exceptions
configure:7623: cc -c -g -O2  -fno-rtti -fno-exceptions conftest.c >&5
cc1: warning: command line option '-fno-rtti' is valid for C++/ObjC++ but not for C
configure:7627: $? = 0
configure:7609: result: no
configure:7599: checking for cc option to produce PIC
configure:7839: result: -fPIC
configure:7847: checking if cc PIC flag -fPIC works
configure:7921: cc -c -g -O2  -fPIC -DPIC conftest.c >&5
configure:7925: $? = 0
configure:7882: result: yes
configure:7881: checking if cc static flag -static works
configure:7909: result: yes
configure:7919: checking if cc supports -c -o file.o
configure:8025: cc -c -g -O2  -o out/conftest2.o conftest.c >&5
configure:8029: $? = 0
configure:7942: result: yes
configure:7968: checking whether the cc linker (/usr/bin/ld -m elf_x86_64) supports shared libraries
configure:8896: result: yes
configure:8917: checking whether -lc should be explicitly linked in
configure:8922: cc -c -g -O2  conftest.c >&5
configure:8925: $? = 0
configure:8940: cc -shared conftest.o  -v -Wl,-soname -Wl,conftest -o conftest 2\>\&1 \| grep  -lc  \>/dev/null 2\>\&1
configure:8943: $? = 0
configure:8955: result: no
configure:8963: checking dynamic linker characteristics
configure:9561: result: GNU/Linux ld.so
configure:9585: checking how to hardcode library paths into programs
configure:9610: result: immediate
configure:9624: checking whether stripping libraries is possible
configure:9629: result: yes
configure:10146: checking if libtool supports shared libraries
configure:10148: result: yes
configure:10151: checking whether to build shared libraries
configure:10172: result: yes
configure:10175: checking whether to build static libraries
configure:10179: result: no
configure:10274: result:
creating libtool
configure:13964: creating ./config.status

## ---------------------- ##
## Running config.status. ##
## ---------------------- ##

This file was extended by config.status, which was
generated by GNU Autoconf 2.69.  Invocation command line was

  CONFIG_FILES    = 
  CONFIG_HEADERS  = 
  CONFIG_LINKS    = 
  CONFIG_COMMANDS = 
  $ ./config.status 

on e8763d129451

config.status:674: creating config.h

## ---------------- ##
## Cache variables. ##
## ---------------- ##

ac_cv_build=x86_64-unknown-linux-gnu
ac_cv_c_compiler_gnu=yes
ac_cv_env_CC_set=
ac_cv_env_CC_value=
ac_cv_env_CFLAGS_set=
ac_cv_env_CFLAGS_value=
ac_cv_env_CPPFLAGS_set=
ac_cv_env_CPPFLAGS_value=
ac_cv_env_CPP_set=
ac_cv_env_CPP_value=
ac_cv_env_LDFLAGS_set=
ac_cv_env_LDFLAGS_value=
ac_cv_env_LIBS_set=
ac_cv_env_LIBS_value=
ac_cv_env_build_alias_set=
ac_cv_env_build_alias_value=
ac_cv_env_host_alias_set=
ac_cv_env_host_alias_value=
ac_cv_env_target_alias_set=
ac_cv_env_target_alias_value=
ac_cv_header_dlfcn_h=yes
ac_cv_header_inttypes_h=yes
ac_cv_header_memory_h=yes
ac_cv_header_stdc=yes
ac_cv_header_stdint_h=yes
ac_cv_header_stdlib_h=yes
ac_cv_header_string_h=yes
ac_cv_header_strings_h=yes
ac_cv_header_sys_stat_h=yes
ac_cv_header_sys_types_h=yes
ac_cv_header_unistd_h=yes
ac_cv_host=x86_64-unknown-linux-gnu
ac_cv_objext=o
ac_cv_path_EGREP='/bin/grep -E'
ac_cv_path_GREP=/bin/grep
ac_cv_prog_AWK=nawk
ac_cv_prog_CPP='cc -E'
ac_cv_prog_GIT=no
ac_cv_prog_RE2C=re2c
ac_cv_prog_ac_ct_AR=ar
ac_cv_prog_ac_ct_CC=cc
ac_cv_prog_ac_ct_RANLIB=ranlib
ac_cv_prog_ac_ct_STRIP=strip
ac_cv_prog_cc_c89=
ac_cv_prog_cc_cc_c_o=yes
ac_cv_prog_cc_g=yes
ac_cv_target=x86_64-unknown-linux-gnu
lt_cv_deplibs_check_method=pass_all
lt_cv_file_magic_cmd='$MAGIC_CMD'
lt_cv_file_magic_test_file=
lt_cv_ld_reload_flag=-r
lt_cv_objdir=.libs
lt_cv_path_LD=/usr/bin/ld
lt_cv_path_NM='/usr/bin/nm -B'
lt_cv_path_SED=/bin/sed
lt_cv_prog_compiler_c_o=yes
lt_cv_prog_compiler_pic_works=yes
lt_cv_prog_compiler_rtti_exceptions=no
lt_cv_prog_compiler_static_works=yes
lt_cv_prog_gnu_ld=yes
lt_cv_sys_global_symbol_pipe='sed -n -e '\''s/^.*[ 	]\([ABCDGIRSTW][ABCDGIRSTW]*\)[ 	][ 	]*\([_A-Za-z][_A-Za-z0-9]*\)$/\1 \2 \2/p'\'''
lt_cv_sys_global_symbol_to_c_name_address='sed -n -e '\''s/^: \([^ ]*\) $/  {\"\1\", (lt_ptr) 0},/p'\'' -e '\''s/^[BCDEGRST] \([^ ]*\) \([^ ]*\)$/  {"\2", (lt_ptr) \&\2},/p'\'''
lt_cv_sys_global_symbol_to_cdecl='sed -n -e '\''s/^. .* \(.*\)$/extern int \1;/p'\'''
lt_cv_sys_lib_dlsearch_path_spec='/lib /usr/lib /usr/local/lib /usr/local/lib/x86_64-linux-gnu /lib/x86_64-linux-gnu /usr/lib/x86_64-linux-gnu '
lt_cv_sys_lib_search_path_spec='/usr/lib/gcc/x86_64-linux-gnu/8 /usr/lib/x86_64-linux-gnu /usr/lib /lib/x86_64-linux-gnu /lib'
lt_cv_sys_max_cmd_len=1572864
lt_lt_cv_prog_compiler_c_o='"yes"'
lt_lt_cv_sys_global_symbol_pipe='"sed -n -e '\''s/^.*[ 	]\\([ABCDGIRSTW][ABCDGIRSTW]*\\)[ 	][ 	]*\\([_A-Za-z][_A-Za-z0-9]*\\)\$/\\1 \\2 \\2/p'\''"'
lt_lt_cv_sys_global_symbol_to_c_name_address='"sed -n -e '\''s/^: \\([^ ]*\\) \$/  {\\\"\\1\\\", (lt_ptr) 0},/p'\'' -e '\''s/^[BCDEGRST] \\([^ ]*\\) \\([^ ]*\\)\$/  {\"\\2\", (lt_ptr) \\&\\2},/p'\''"'
lt_lt_cv_sys_global_symbol_to_cdecl='"sed -n -e '\''s/^. .* \\(.*\\)\$/extern int \\1;/p'\''"'
php_cv_cc_dashr=no
php_cv_cc_rpath=yes
php_cv_re2c_version='1.1.1 (ok)'

## ----------------- ##
## Output variables. ##
## ----------------- ##

AR='ar'
AWK='nawk'
CC='cc'
CFLAGS='-g -O2'
CONFIGURE_COMMAND=' '\''./configure'\''  '\''--with-php-config=/usr/local/bin/php-config'\'''
CONFIGURE_OPTIONS=' '\''--with-php-config=/usr/local/bin/php-config'\'''
CPP='cc -E'
CPPFLAGS=' -DHAVE_CONFIG_H'
DEFS='-DHAVE_CONFIG_H'
DSYMUTIL=''
ECHO='echo'
ECHO_C=''
ECHO_N='-n'
ECHO_T=''
EGREP='/bin/grep -E'
EXEEXT=''
GIT='no'
GREP='/bin/grep'
LDFLAGS=''
LIBOBJS=''
LIBS=''
LIBTOOL='$(SHELL) $(top_builddir)/libtool'
LN_S='ln -s'
LTLIBOBJS=''
NMEDIT=''
OBJEXT='o'
PACKAGE_BUGREPORT=''
PACKAGE_NAME=''
PACKAGE_STRING=''
PACKAGE_TARNAME=''
PACKAGE_URL=''
PACKAGE_VERSION=''
PATH_SEPARATOR=':'
RANLIB='ranlib'
RE2C='re2c'
SED='/bin/sed'
SHELL='/bin/bash'
SHLIB_DL_SUFFIX_NAME='so'
SHLIB_SUFFIX_NAME='so'
STRIP='strip'
ac_ct_CC='cc'
bindir='${exec_prefix}/bin'
build='x86_64-unknown-linux-gnu'
build_alias=''
build_cpu='x86_64'
build_os='linux-gnu'
build_vendor='unknown'
datadir='${datarootdir}'
datarootdir='${prefix}/share'
docdir='${datarootdir}/doc/${PACKAGE}'
dvidir='${docdir}'
exec_prefix='$(prefix)'
host='x86_64-unknown-linux-gnu'
host_alias='x86_64-unknown-linux-gnu'
host_cpu='x86_64'
host_os='linux-gnu'
host_vendor='unknown'
htmldir='${docdir}'
includedir='${prefix}/include'
infodir='${datarootdir}/info'
libdir='${exec_prefix}/lib'
libexecdir='${exec_prefix}/libexec'
localedir='${datarootdir}/locale'
localstatedir='${prefix}/var'
mandir='${datarootdir}/man'
oldincludedir='/usr/include'
pdfdir='${docdir}'
prefix='/usr/local'
program_transform_name='s,x,x,'
psdir='${docdir}'
runstatedir='${localstatedir}/run'
sbindir='${exec_prefix}/sbin'
sharedstatedir='${prefix}/com'
sysconfdir='${prefix}/etc'
target='x86_64-unknown-linux-gnu'
target_alias=''
target_cpu='x86_64'
target_os='linux-gnu'
target_vendor='unknown'

## ----------- ##
## confdefs.h. ##
## ----------- ##

/* confdefs.h */
#define PACKAGE_NAME ""
#define PACKAGE_TARNAME ""
#define PACKAGE_VERSION ""
#define PACKAGE_STRING ""
#define PACKAGE_BUGREPORT ""
#define PACKAGE_URL ""
#define PHP_SESSION 1
#define HAVE_REDIS_JSON 1
#define COMPILE_DL_REDIS 1
#define STDC_HEADERS 1
#define HAVE_SYS_TYPES_H 1
#define HAVE_SYS_STAT_H 1
#define HAVE_STDLIB_H 1
#define HAVE_STRING_H 1
#define HAVE_MEMORY_H 1
#define HAVE_STRINGS_H 1
#define HAVE_INTTYPES_H 1
#define HAVE_STDINT_H 1
#define HAVE_UNISTD_H 1
#define HAVE_DLFCN_H 1

configure: exit 0
