This file contains any messages produced by compilers while
running configure, to aid debugging if configure makes a mistake.

It was created by configure, which was
generated by GNU Autoconf 2.69.  Invocation command line was

  $ ./configure --with-php-config=/usr/local/bin/php-config

## --------- ##
## Platform. ##
## --------- ##

hostname = e8763d129451
uname -m = x86_64
uname -r = 4.9.87-linuxkit-aufs
uname -s = Linux
uname -v = #1 SMP Wed Mar 14 15:12:16 UTC 2018

/usr/bin/uname -p = unknown
/bin/uname -X     = unknown

/bin/arch              = unknown
/usr/bin/arch -k       = unknown
/usr/convex/getsysinfo = unknown
/usr/bin/hostinfo      = unknown
/bin/machine           = unknown
/usr/bin/oslevel       = unknown
/bin/universe          = unknown

PATH: /usr/local/sbin
PATH: /usr/local/bin
PATH: /usr/sbin
PATH: /usr/bin
PATH: /sbin
PATH: /bin


## ----------- ##
## Core tests. ##
## ----------- ##

configure:2302: checking for grep that handles long lines and -e
configure:2360: result: /bin/grep
configure:2365: checking for egrep
configure:2427: result: /bin/grep -E
configure:2432: checking for a sed that does not truncate output
configure:2486: result: /bin/sed
configure:2623: checking for cc
configure:2639: found /usr/bin/cc
configure:2650: result: cc
configure:2681: checking for C compiler version
configure:2690: cc --version >&5
cc (Debian 8.3.0-6) 8.3.0
Copyright (C) 2018 Free Software Foundation, Inc.
This is free software; see the source for copying conditions.  There is NO
warranty; not even for MERCHANTABILITY or FITNESS FOR A PARTICULAR PURPOSE.

configure:2701: $? = 0
configure:2690: cc -v >&5
Using built-in specs.
COLLECT_GCC=cc
COLLECT_LTO_WRAPPER=/usr/lib/gcc/x86_64-linux-gnu/8/lto-wrapper
OFFLOAD_TARGET_NAMES=nvptx-none
OFFLOAD_TARGET_DEFAULT=1
Target: x86_64-linux-gnu
Configured with: ../src/configure -v --with-pkgversion='Debian 8.3.0-6' --with-bugurl=file:///usr/share/doc/gcc-8/README.Bugs --enable-languages=c,ada,c++,go,brig,d,fortran,objc,obj-c++ --prefix=/usr --with-gcc-major-version-only --program-suffix=-8 --program-prefix=x86_64-linux-gnu- --enable-shared --enable-linker-build-id --libexecdir=/usr/lib --without-included-gettext --enable-threads=posix --libdir=/usr/lib --enable-nls --enable-bootstrap --enable-clocale=gnu --enable-libstdcxx-debug --enable-libstdcxx-time=yes --with-default-libstdcxx-abi=new --enable-gnu-unique-object --disable-vtable-verify --enable-libmpx --enable-plugin --enable-default-pie --with-system-zlib --with-target-system-zlib --enable-objc-gc=auto --enable-multiarch --disable-werror --with-arch-32=i686 --with-abi=m64 --with-multilib-list=m32,m64,mx32 --enable-multilib --with-tune=generic --enable-offload-targets=nvptx-none --without-cuda-driver --enable-checking=release --build=x86_64-linux-gnu --host=x86_64-linux-gnu --target=x86_64-linux-gnu
Thread model: posix
gcc version 8.3.0 (Debian 8.3.0-6) 
configure:2701: $? = 0
configure:2690: cc -V >&5
cc: error: unrecognized command line option '-V'
cc: fatal error: no input files
compilation terminated.
configure:2701: $? = 1
configure:2690: cc -qversion >&5
cc: error: unrecognized command line option '-qversion'; did you mean '--version'?
cc: fatal error: no input files
compilation terminated.
configure:2701: $? = 1
configure:2721: checking whether the C compiler works
configure:2743: cc    conftest.c  >&5
configure:2747: $? = 0
configure:2795: result: yes
configure:2798: checking for C compiler default output file name
configure:2800: result: a.out
configure:2806: checking for suffix of executables
configure:2813: cc -o conftest    conftest.c  >&5
configure:2817: $? = 0
configure:2839: result: 
configure:2861: checking whether we are cross compiling
configure:2869: cc -o conftest    conftest.c  >&5
configure:2873: $? = 0
configure:2880: ./conftest
configure:2884: $? = 0
configure:2872: result: no
configure:2877: checking for suffix of object files
configure:2899: cc -c   conftest.c >&5
configure:2903: $? = 0
configure:2924: result: o
configure:2928: checking whether we are using the GNU C compiler
configure:2947: cc -c   conftest.c >&5
configure:2947: $? = 0
configure:2956: result: yes
configure:2965: checking whether cc accepts -g
configure:2985: cc -c -g  conftest.c >&5
configure:2985: $? = 0
configure:3026: result: yes
configure:3043: checking for cc option to accept ISO C89
configure:3106: cc  -c -g -O2  conftest.c >&5
configure:3106: $? = 0
configure:3119: result: none needed
configure:3145: checking how to run the C preprocessor
configure:3176: cc -E  conftest.c
configure:3176: $? = 0
configure:3190: cc -E  conftest.c
conftest.c:9:10: fatal error: ac_nonexistent.h: No such file or directory
 #include <ac_nonexistent.h>
          ^~~~~~~~~~~~~~~~~~
compilation terminated.
configure:3190: $? = 1
configure: failed program was:
| /* confdefs.h */
| #define PACKAGE_NAME ""
| #define PACKAGE_TARNAME ""
| #define PACKAGE_VERSION ""
| #define PACKAGE_STRING ""
| #define PACKAGE_BUGREPORT ""
| #define PACKAGE_URL ""
| /* end confdefs.h.  */
| #include <ac_nonexistent.h>
configure:3215: result: cc -E
configure:3235: cc -E  conftest.c
configure:3235: $? = 0
configure:3249: cc -E  conftest.c
conftest.c:9:10: fatal error: ac_nonexistent.h: No such file or directory
 #include <ac_nonexistent.h>
          ^~~~~~~~~~~~~~~~~~
compilation terminated.
configure:3249: $? = 1
configure: failed program was:
| /* confdefs.h */
| #define PACKAGE_NAME ""
| #define PACKAGE_TARNAME ""
| #define PACKAGE_VERSION ""
| #define PACKAGE_STRING ""
| #define PACKAGE_BUGREPORT ""
| #define PACKAGE_URL ""
| /* end confdefs.h.  */
| #include <ac_nonexistent.h>
configure:3280: checking for icc
configure:3289: result: no
configure:3303: checking for suncc
configure:3312: result: no
configure:3330: checking whether cc understands -c and -o together
configure:3358: cc -c conftest.c -o conftest2.o >&5
configure:3362: $? = 0
configure:3368: cc -c conftest.c -o conftest2.o >&5
configure:3372: $? = 0
configure:3427: result: yes
configure:3441: checking for system library directory
configure:3456: result: lib
configure:3463: checking if compiler supports -R
configure:3482: cc -o conftest -g -O2   conftest.c -R /usr/lib  >&5
cc: error: unrecognized command line option '-R'
configure:3482: $? = 1
configure: failed program was:
| /* confdefs.h */
| #define PACKAGE_NAME ""
| #define PACKAGE_TARNAME ""
| #define PACKAGE_VERSION ""
| #define PACKAGE_STRING ""
| #define PACKAGE_BUGREPORT ""
| #define PACKAGE_URL ""
| /* end confdefs.h.  */
| 
| int
| main ()
| {
| 
|   ;
|   return 0;
| }
configure:3492: result: no
configure:3497: checking if compiler supports -Wl,-rpath,
configure:3516: cc -o conftest -g -O2   conftest.c -Wl,-rpath,/usr/lib  >&5
configure:3516: $? = 0
configure:3526: result: yes
configure:3571: checking build system type
configure:3585: result: x86_64-unknown-linux-gnu
configure:3605: checking host system type
configure:3618: result: x86_64-unknown-linux-gnu
configure:3638: checking target system type
configure:3651: result: x86_64-unknown-linux-gnu
configure:3754: checking for PHP prefix
configure:3756: result: /usr/local
configure:3758: checking for PHP includes
configure:3760: result: -I/usr/local/include/php -I/usr/local/include/php/main -I/usr/local/include/php/TSRM -I/usr/local/include/php/Zend -I/usr/local/include/php/ext -I/usr/local/include/php/ext/date/lib
configure:3762: checking for PHP extension directory
configure:3764: result: /usr/local/lib/php/extensions/no-debug-non-zts-20170718
configure:3766: checking for PHP installed headers prefix
configure:3768: result: /usr/local/include/php
configure:3771: checking if debug is enabled
configure:3797: result: no
configure:3800: checking if zts is enabled
configure:3826: result: no
configure:3897: checking for re2c
configure:3913: found /usr/bin/re2c
configure:3924: result: re2c
configure:3933: checking for re2c version
configure:3947: result: 1.1.1 (ok)
configure:3966: checking for gawk
configure:3997: result: no
configure:3966: checking for nawk
configure:3983: found /usr/bin/nawk
configure:3994: result: nawk
configure:4017: checking if nawk is broken
configure:4024: result: no
configure:4037: checking whether to enable yaf support
configure:4076: result: yes, shared
configure:4084: checking PHP version
configure:4110: result: 7.2.30, ok
configure:4598: checking for ld used by cc
configure:4665: result: /usr/bin/ld
configure:4672: checking if the linker (/usr/bin/ld) is GNU ld
configure:4687: result: yes
configure:4692: checking for /usr/bin/ld option to reload object files
configure:4699: result: -r
configure:4717: checking for BSD-compatible nm
configure:4766: result: /usr/bin/nm -B
configure:4770: checking whether ln -s works
configure:4774: result: yes
configure:4781: checking how to recognize dependent libraries
configure:4967: result: pass_all
configure:5052: cc -c -g -O2  conftest.c >&5
configure:5055: $? = 0
configure:5185: checking for ANSI C header files
configure:5205: cc -c -g -O2  conftest.c >&5
configure:5205: $? = 0
configure:5278: cc -o conftest -g -O2   conftest.c  >&5
configure:5278: $? = 0
configure:5278: ./conftest
configure:5278: $? = 0
configure:5289: result: yes
configure:5302: checking for sys/types.h
configure:5302: cc -c -g -O2  conftest.c >&5
configure:5302: $? = 0
configure:5302: result: yes
configure:5302: checking for sys/stat.h
configure:5302: cc -c -g -O2  conftest.c >&5
configure:5302: $? = 0
configure:5302: result: yes
configure:5302: checking for stdlib.h
configure:5302: cc -c -g -O2  conftest.c >&5
configure:5302: $? = 0
configure:5302: result: yes
configure:5302: checking for string.h
configure:5302: cc -c -g -O2  conftest.c >&5
configure:5302: $? = 0
configure:5302: result: yes
configure:5302: checking for memory.h
configure:5302: cc -c -g -O2  conftest.c >&5
configure:5302: $? = 0
configure:5302: result: yes
configure:5302: checking for strings.h
configure:5302: cc -c -g -O2  conftest.c >&5
configure:5302: $? = 0
configure:5302: result: yes
configure:5302: checking for inttypes.h
configure:5302: cc -c -g -O2  conftest.c >&5
configure:5302: $? = 0
configure:5302: result: yes
configure:5302: checking for stdint.h
configure:5302: cc -c -g -O2  conftest.c >&5
configure:5302: $? = 0
configure:5302: result: yes
configure:5302: checking for unistd.h
configure:5302: cc -c -g -O2  conftest.c >&5
configure:5302: $? = 0
configure:5302: result: yes
configure:5316: checking dlfcn.h usability
configure:5316: cc -c -g -O2  conftest.c >&5
configure:5316: $? = 0
configure:5316: result: yes
configure:5316: checking dlfcn.h presence
configure:5316: cc -E  conftest.c
configure:5316: $? = 0
configure:5316: result: yes
configure:5316: checking for dlfcn.h
configure:5316: result: yes
configure:5338: checking the maximum length of command line arguments
configure:5450: result: 1572864
configure:5462: checking command to parse /usr/bin/nm -B output from cc object
configure:5567: cc -c -g -O2  conftest.c >&5
configure:5570: $? = 0
configure:5574: /usr/bin/nm -B conftest.o \| sed -n -e 's/^.*[ 	]\([ABCDGIRSTW][ABCDGIRSTW]*\)[ 	][ 	]*\([_A-Za-z][_A-Za-z0-9]*\)$/\1 \2 \2/p' \> conftest.nm
configure:5577: $? = 0
configure:5629: cc -o conftest -g -O2   conftest.c conftstm.o >&5
configure:5632: $? = 0
configure:5670: result: ok
configure:5674: checking for objdir
configure:5689: result: .libs
configure:5781: checking for ar
configure:5797: found /usr/bin/ar
configure:5808: result: ar
configure:5873: checking for ranlib
configure:5889: found /usr/bin/ranlib
configure:5900: result: ranlib
configure:5965: checking for strip
configure:5981: found /usr/bin/strip
configure:5992: result: strip
configure:6561: checking if cc supports -fno-rtti -fno-exceptions
configure:6610: cc -c -g -O2  -fno-rtti -fno-exceptions conftest.c >&5
cc1: warning: command line option '-fno-rtti' is valid for C++/ObjC++ but not for C
configure:6614: $? = 0
configure:6596: result: no
configure:6586: checking for cc option to produce PIC
configure:6826: result: -fPIC
configure:6834: checking if cc PIC flag -fPIC works
configure:6908: cc -c -g -O2  -fPIC -DPIC conftest.c >&5
configure:6912: $? = 0
configure:6869: result: yes
configure:6868: checking if cc static flag -static works
configure:6896: result: yes
configure:6906: checking if cc supports -c -o file.o
configure:7012: cc -c -g -O2  -o out/conftest2.o conftest.c >&5
configure:7016: $? = 0
configure:6929: result: yes
configure:6955: checking whether the cc linker (/usr/bin/ld -m elf_x86_64) supports shared libraries
configure:7883: result: yes
configure:7904: checking whether -lc should be explicitly linked in
configure:7909: cc -c -g -O2  conftest.c >&5
configure:7912: $? = 0
configure:7927: cc -shared conftest.o  -v -Wl,-soname -Wl,conftest -o conftest 2\>\&1 \| grep  -lc  \>/dev/null 2\>\&1
configure:7930: $? = 0
configure:7942: result: no
configure:7950: checking dynamic linker characteristics
configure:8548: result: GNU/Linux ld.so
configure:8572: checking how to hardcode library paths into programs
configure:8597: result: immediate
configure:8611: checking whether stripping libraries is possible
configure:8616: result: yes
configure:9133: checking if libtool supports shared libraries
configure:9135: result: yes
configure:9138: checking whether to build shared libraries
configure:9159: result: yes
configure:9162: checking whether to build static libraries
configure:9166: result: no
configure:9261: result:
creating libtool
configure:12951: creating ./config.status

## ---------------------- ##
## Running config.status. ##
## ---------------------- ##

This file was extended by config.status, which was
generated by GNU Autoconf 2.69.  Invocation command line was

  CONFIG_FILES    = 
  CONFIG_HEADERS  = 
  CONFIG_LINKS    = 
  CONFIG_COMMANDS = 
  $ ./config.status 

on e8763d129451

config.status:672: creating config.h

## ---------------- ##
## Cache variables. ##
## ---------------- ##

ac_cv_build=x86_64-unknown-linux-gnu
ac_cv_c_compiler_gnu=yes
ac_cv_env_CC_set=
ac_cv_env_CC_value=
ac_cv_env_CFLAGS_set=
ac_cv_env_CFLAGS_value=
ac_cv_env_CPPFLAGS_set=
ac_cv_env_CPPFLAGS_value=
ac_cv_env_CPP_set=
ac_cv_env_CPP_value=
ac_cv_env_LDFLAGS_set=
ac_cv_env_LDFLAGS_value=
ac_cv_env_LIBS_set=
ac_cv_env_LIBS_value=
ac_cv_env_build_alias_set=
ac_cv_env_build_alias_value=
ac_cv_env_host_alias_set=
ac_cv_env_host_alias_value=
ac_cv_env_target_alias_set=
ac_cv_env_target_alias_value=
ac_cv_header_dlfcn_h=yes
ac_cv_header_inttypes_h=yes
ac_cv_header_memory_h=yes
ac_cv_header_stdc=yes
ac_cv_header_stdint_h=yes
ac_cv_header_stdlib_h=yes
ac_cv_header_string_h=yes
ac_cv_header_strings_h=yes
ac_cv_header_sys_stat_h=yes
ac_cv_header_sys_types_h=yes
ac_cv_header_unistd_h=yes
ac_cv_host=x86_64-unknown-linux-gnu
ac_cv_objext=o
ac_cv_path_EGREP='/bin/grep -E'
ac_cv_path_GREP=/bin/grep
ac_cv_prog_AWK=nawk
ac_cv_prog_CPP='cc -E'
ac_cv_prog_RE2C=re2c
ac_cv_prog_ac_ct_AR=ar
ac_cv_prog_ac_ct_CC=cc
ac_cv_prog_ac_ct_RANLIB=ranlib
ac_cv_prog_ac_ct_STRIP=strip
ac_cv_prog_cc_c89=
ac_cv_prog_cc_cc_c_o=yes
ac_cv_prog_cc_g=yes
ac_cv_target=x86_64-unknown-linux-gnu
lt_cv_deplibs_check_method=pass_all
lt_cv_file_magic_cmd='$MAGIC_CMD'
lt_cv_file_magic_test_file=
lt_cv_ld_reload_flag=-r
lt_cv_objdir=.libs
lt_cv_path_LD=/usr/bin/ld
lt_cv_path_NM='/usr/bin/nm -B'
lt_cv_path_SED=/bin/sed
lt_cv_prog_compiler_c_o=yes
lt_cv_prog_compiler_pic_works=yes
lt_cv_prog_compiler_rtti_exceptions=no
lt_cv_prog_compiler_static_works=yes
lt_cv_prog_gnu_ld=yes
lt_cv_sys_global_symbol_pipe='sed -n -e '\''s/^.*[ 	]\([ABCDGIRSTW][ABCDGIRSTW]*\)[ 	][ 	]*\([_A-Za-z][_A-Za-z0-9]*\)$/\1 \2 \2/p'\'''
lt_cv_sys_global_symbol_to_c_name_address='sed -n -e '\''s/^: \([^ ]*\) $/  {\"\1\", (lt_ptr) 0},/p'\'' -e '\''s/^[BCDEGRST] \([^ ]*\) \([^ ]*\)$/  {"\2", (lt_ptr) \&\2},/p'\'''
lt_cv_sys_global_symbol_to_cdecl='sed -n -e '\''s/^. .* \(.*\)$/extern int \1;/p'\'''
lt_cv_sys_lib_dlsearch_path_spec='/lib /usr/lib /usr/local/lib /usr/local/lib/x86_64-linux-gnu /lib/x86_64-linux-gnu /usr/lib/x86_64-linux-gnu '
lt_cv_sys_lib_search_path_spec='/usr/lib/gcc/x86_64-linux-gnu/8 /usr/lib/x86_64-linux-gnu /usr/lib /lib/x86_64-linux-gnu /lib'
lt_cv_sys_max_cmd_len=1572864
lt_lt_cv_prog_compiler_c_o='"yes"'
lt_lt_cv_sys_global_symbol_pipe='"sed -n -e '\''s/^.*[ 	]\\([ABCDGIRSTW][ABCDGIRSTW]*\\)[ 	][ 	]*\\([_A-Za-z][_A-Za-z0-9]*\\)\$/\\1 \\2 \\2/p'\''"'
lt_lt_cv_sys_global_symbol_to_c_name_address='"sed -n -e '\''s/^: \\([^ ]*\\) \$/  {\\\"\\1\\\", (lt_ptr) 0},/p'\'' -e '\''s/^[BCDEGRST] \\([^ ]*\\) \\([^ ]*\\)\$/  {\"\\2\", (lt_ptr) \\&\\2},/p'\''"'
lt_lt_cv_sys_global_symbol_to_cdecl='"sed -n -e '\''s/^. .* \\(.*\\)\$/extern int \\1;/p'\''"'
php_cv_cc_dashr=no
php_cv_cc_rpath=yes
php_cv_re2c_version='1.1.1 (ok)'

## ----------------- ##
## Output variables. ##
## ----------------- ##

AR='ar'
AWK='nawk'
CC='cc'
CFLAGS='-g -O2'
CONFIGURE_COMMAND=' '\''./configure'\''  '\''--with-php-config=/usr/local/bin/php-config'\'''
CONFIGURE_OPTIONS=' '\''--with-php-config=/usr/local/bin/php-config'\'''
CPP='cc -E'
CPPFLAGS=' -DHAVE_CONFIG_H'
DEFS='-DHAVE_CONFIG_H'
DSYMUTIL=''
ECHO='echo'
ECHO_C=''
ECHO_N='-n'
ECHO_T=''
EGREP='/bin/grep -E'
EXEEXT=''
GREP='/bin/grep'
LDFLAGS=''
LIBOBJS=''
LIBS=''
LIBTOOL='$(SHELL) $(top_builddir)/libtool'
LN_S='ln -s'
LTLIBOBJS=''
NMEDIT=''
OBJEXT='o'
PACKAGE_BUGREPORT=''
PACKAGE_NAME=''
PACKAGE_STRING=''
PACKAGE_TARNAME=''
PACKAGE_URL=''
PACKAGE_VERSION=''
PATH_SEPARATOR=':'
RANLIB='ranlib'
RE2C='re2c'
SED='/bin/sed'
SHELL='/bin/bash'
SHLIB_DL_SUFFIX_NAME='so'
SHLIB_SUFFIX_NAME='so'
STRIP='strip'
ac_ct_CC='cc'
bindir='${exec_prefix}/bin'
build='x86_64-unknown-linux-gnu'
build_alias=''
build_cpu='x86_64'
build_os='linux-gnu'
build_vendor='unknown'
datadir='${datarootdir}'
datarootdir='${prefix}/share'
docdir='${datarootdir}/doc/${PACKAGE}'
dvidir='${docdir}'
exec_prefix='$(prefix)'
host='x86_64-unknown-linux-gnu'
host_alias='x86_64-unknown-linux-gnu'
host_cpu='x86_64'
host_os='linux-gnu'
host_vendor='unknown'
htmldir='${docdir}'
includedir='${prefix}/include'
infodir='${datarootdir}/info'
libdir='${exec_prefix}/lib'
libexecdir='${exec_prefix}/libexec'
localedir='${datarootdir}/locale'
localstatedir='${prefix}/var'
mandir='${datarootdir}/man'
oldincludedir='/usr/include'
pdfdir='${docdir}'
prefix='/usr/local'
program_transform_name='s,x,x,'
psdir='${docdir}'
runstatedir='${localstatedir}/run'
sbindir='${exec_prefix}/sbin'
sharedstatedir='${prefix}/com'
sysconfdir='${prefix}/etc'
target='x86_64-unknown-linux-gnu'
target_alias=''
target_cpu='x86_64'
target_os='linux-gnu'
target_vendor='unknown'

## ----------- ##
## confdefs.h. ##
## ----------- ##

/* confdefs.h */
#define PACKAGE_NAME ""
#define PACKAGE_TARNAME ""
#define PACKAGE_VERSION ""
#define PACKAGE_STRING ""
#define PACKAGE_BUGREPORT ""
#define PACKAGE_URL ""
#define COMPILE_DL_YAF 1
#define STDC_HEADERS 1
#define HAVE_SYS_TYPES_H 1
#define HAVE_SYS_STAT_H 1
#define HAVE_STDLIB_H 1
#define HAVE_STRING_H 1
#define HAVE_MEMORY_H 1
#define HAVE_STRINGS_H 1
#define HAVE_INTTYPES_H 1
#define HAVE_STDINT_H 1
#define HAVE_UNISTD_H 1
#define HAVE_DLFCN_H 1

configure: exit 0
