This file contains any messages produced by compilers while
running configure, to aid debugging if configure makes a mistake.

It was created by configure, which was
generated by GNU Autoconf 2.69.  Invocation command line was

  $ ./configure --with-php-config=/usr/local/bin/php-config

## --------- ##
## Platform. ##
## --------- ##

hostname = e8763d129451
uname -m = x86_64
uname -r = 4.9.87-linuxkit-aufs
uname -s = Linux
uname -v = #1 SMP Wed Mar 14 15:12:16 UTC 2018

/usr/bin/uname -p = unknown
/bin/uname -X     = unknown

/bin/arch              = unknown
/usr/bin/arch -k       = unknown
/usr/convex/getsysinfo = unknown
/usr/bin/hostinfo      = unknown
/bin/machine           = unknown
/usr/bin/oslevel       = unknown
/bin/universe          = unknown

PATH: /usr/local/sbin
PATH: /usr/local/bin
PATH: /usr/sbin
PATH: /usr/bin
PATH: /sbin
PATH: /bin


## ----------- ##
## Core tests. ##
## ----------- ##

configure:2680: checking for grep that handles long lines and -e
configure:2738: result: /bin/grep
configure:2743: checking for egrep
configure:2805: result: /bin/grep -E
configure:2810: checking for a sed that does not truncate output
configure:2864: result: /bin/sed
configure:3001: checking for cc
configure:3017: found /usr/bin/cc
configure:3028: result: cc
configure:3059: checking for C compiler version
configure:3068: cc --version >&5
cc (Debian 8.3.0-6) 8.3.0
Copyright (C) 2018 Free Software Foundation, Inc.
This is free software; see the source for copying conditions.  There is NO
warranty; not even for MERCHANTABILITY or FITNESS FOR A PARTICULAR PURPOSE.

configure:3079: $? = 0
configure:3068: cc -v >&5
Using built-in specs.
COLLECT_GCC=cc
COLLECT_LTO_WRAPPER=/usr/lib/gcc/x86_64-linux-gnu/8/lto-wrapper
OFFLOAD_TARGET_NAMES=nvptx-none
OFFLOAD_TARGET_DEFAULT=1
Target: x86_64-linux-gnu
Configured with: ../src/configure -v --with-pkgversion='Debian 8.3.0-6' --with-bugurl=file:///usr/share/doc/gcc-8/README.Bugs --enable-languages=c,ada,c++,go,brig,d,fortran,objc,obj-c++ --prefix=/usr --with-gcc-major-version-only --program-suffix=-8 --program-prefix=x86_64-linux-gnu- --enable-shared --enable-linker-build-id --libexecdir=/usr/lib --without-included-gettext --enable-threads=posix --libdir=/usr/lib --enable-nls --enable-bootstrap --enable-clocale=gnu --enable-libstdcxx-debug --enable-libstdcxx-time=yes --with-default-libstdcxx-abi=new --enable-gnu-unique-object --disable-vtable-verify --enable-libmpx --enable-plugin --enable-default-pie --with-system-zlib --with-target-system-zlib --enable-objc-gc=auto --enable-multiarch --disable-werror --with-arch-32=i686 --with-abi=m64 --with-multilib-list=m32,m64,mx32 --enable-multilib --with-tune=generic --enable-offload-targets=nvptx-none --without-cuda-driver --enable-checking=release --build=x86_64-linux-gnu --host=x86_64-linux-gnu --target=x86_64-linux-gnu
Thread model: posix
gcc version 8.3.0 (Debian 8.3.0-6) 
configure:3079: $? = 0
configure:3068: cc -V >&5
cc: error: unrecognized command line option '-V'
cc: fatal error: no input files
compilation terminated.
configure:3079: $? = 1
configure:3068: cc -qversion >&5
cc: error: unrecognized command line option '-qversion'; did you mean '--version'?
cc: fatal error: no input files
compilation terminated.
configure:3079: $? = 1
configure:3099: checking whether the C compiler works
configure:3121: cc    conftest.c  >&5
configure:3125: $? = 0
configure:3173: result: yes
configure:3176: checking for C compiler default output file name
configure:3178: result: a.out
configure:3184: checking for suffix of executables
configure:3191: cc -o conftest    conftest.c  >&5
configure:3195: $? = 0
configure:3217: result: 
configure:3239: checking whether we are cross compiling
configure:3247: cc -o conftest    conftest.c  >&5
configure:3251: $? = 0
configure:3258: ./conftest
configure:3262: $? = 0
configure:3250: result: no
configure:3255: checking for suffix of object files
configure:3277: cc -c   conftest.c >&5
configure:3281: $? = 0
configure:3302: result: o
configure:3306: checking whether we are using the GNU C compiler
configure:3325: cc -c   conftest.c >&5
configure:3325: $? = 0
configure:3334: result: yes
configure:3343: checking whether cc accepts -g
configure:3363: cc -c -g  conftest.c >&5
configure:3363: $? = 0
configure:3404: result: yes
configure:3421: checking for cc option to accept ISO C89
configure:3484: cc  -c -g -O2  conftest.c >&5
configure:3484: $? = 0
configure:3497: result: none needed
configure:3523: checking how to run the C preprocessor
configure:3554: cc -E  conftest.c
configure:3554: $? = 0
configure:3568: cc -E  conftest.c
conftest.c:9:10: fatal error: ac_nonexistent.h: No such file or directory
 #include <ac_nonexistent.h>
          ^~~~~~~~~~~~~~~~~~
compilation terminated.
configure:3568: $? = 1
configure: failed program was:
| /* confdefs.h */
| #define PACKAGE_NAME ""
| #define PACKAGE_TARNAME ""
| #define PACKAGE_VERSION ""
| #define PACKAGE_STRING ""
| #define PACKAGE_BUGREPORT ""
| #define PACKAGE_URL ""
| /* end confdefs.h.  */
| #include <ac_nonexistent.h>
configure:3593: result: cc -E
configure:3613: cc -E  conftest.c
configure:3613: $? = 0
configure:3627: cc -E  conftest.c
conftest.c:9:10: fatal error: ac_nonexistent.h: No such file or directory
 #include <ac_nonexistent.h>
          ^~~~~~~~~~~~~~~~~~
compilation terminated.
configure:3627: $? = 1
configure: failed program was:
| /* confdefs.h */
| #define PACKAGE_NAME ""
| #define PACKAGE_TARNAME ""
| #define PACKAGE_VERSION ""
| #define PACKAGE_STRING ""
| #define PACKAGE_BUGREPORT ""
| #define PACKAGE_URL ""
| /* end confdefs.h.  */
| #include <ac_nonexistent.h>
configure:3658: checking for icc
configure:3667: result: no
configure:3681: checking for suncc
configure:3690: result: no
configure:3708: checking whether cc understands -c and -o together
configure:3736: cc -c conftest.c -o conftest2.o >&5
configure:3740: $? = 0
configure:3746: cc -c conftest.c -o conftest2.o >&5
configure:3750: $? = 0
configure:3805: result: yes
configure:3819: checking for system library directory
configure:3834: result: lib
configure:3841: checking if compiler supports -R
configure:3860: cc -o conftest -g -O2   conftest.c -R /usr/lib  >&5
cc: error: unrecognized command line option '-R'
configure:3860: $? = 1
configure: failed program was:
| /* confdefs.h */
| #define PACKAGE_NAME ""
| #define PACKAGE_TARNAME ""
| #define PACKAGE_VERSION ""
| #define PACKAGE_STRING ""
| #define PACKAGE_BUGREPORT ""
| #define PACKAGE_URL ""
| /* end confdefs.h.  */
| 
| int
| main ()
| {
| 
|   ;
|   return 0;
| }
configure:3870: result: no
configure:3875: checking if compiler supports -Wl,-rpath,
configure:3894: cc -o conftest -g -O2   conftest.c -Wl,-rpath,/usr/lib  >&5
configure:3894: $? = 0
configure:3904: result: yes
configure:3949: checking build system type
configure:3963: result: x86_64-unknown-linux-gnu
configure:3983: checking host system type
configure:3996: result: x86_64-unknown-linux-gnu
configure:4016: checking target system type
configure:4029: result: x86_64-unknown-linux-gnu
configure:4132: checking for PHP prefix
configure:4134: result: /usr/local
configure:4136: checking for PHP includes
configure:4138: result: -I/usr/local/include/php -I/usr/local/include/php/main -I/usr/local/include/php/TSRM -I/usr/local/include/php/Zend -I/usr/local/include/php/ext -I/usr/local/include/php/ext/date/lib
configure:4140: checking for PHP extension directory
configure:4142: result: /usr/local/lib/php/extensions/no-debug-non-zts-20170718
configure:4144: checking for PHP installed headers prefix
configure:4146: result: /usr/local/include/php
configure:4149: checking if debug is enabled
configure:4175: result: no
configure:4178: checking if zts is enabled
configure:4204: result: no
configure:4275: checking for re2c
configure:4291: found /usr/bin/re2c
configure:4302: result: re2c
configure:4311: checking for re2c version
configure:4325: result: 1.1.1 (ok)
configure:4344: checking for gawk
configure:4375: result: no
configure:4344: checking for nawk
configure:4361: found /usr/bin/nawk
configure:4372: result: nawk
configure:4395: checking if nawk is broken
configure:4402: result: no
configure:4415: checking whether to enable MongoDB support
configure:4454: result: yes, shared
configure:4461: checking PHP version
configure:4475: result: 7.2.30
configure:4484: checking whether to enable developer build flags
configure:4498: result: no
configure:5438: checking whether to enable code coverage
configure:5452: result: no
configure:5545: checking whether to compile against system libraries instead of bundled
configure:5560: result: no
configure:5568: checking whether to use system libbson
configure:5583: result: no
configure:5591: checking whether to use system libmongoc
configure:5606: result: no
configure:5614: checking whether to enable client-side encryption
configure:5629: result: auto
configure:6557: checking for gcc
configure:6584: result: cc
configure:6813: checking for C compiler version
configure:6822: cc --version >&5
cc (Debian 8.3.0-6) 8.3.0
Copyright (C) 2018 Free Software Foundation, Inc.
This is free software; see the source for copying conditions.  There is NO
warranty; not even for MERCHANTABILITY or FITNESS FOR A PARTICULAR PURPOSE.

configure:6833: $? = 0
configure:6822: cc -v >&5
Using built-in specs.
COLLECT_GCC=cc
COLLECT_LTO_WRAPPER=/usr/lib/gcc/x86_64-linux-gnu/8/lto-wrapper
OFFLOAD_TARGET_NAMES=nvptx-none
OFFLOAD_TARGET_DEFAULT=1
Target: x86_64-linux-gnu
Configured with: ../src/configure -v --with-pkgversion='Debian 8.3.0-6' --with-bugurl=file:///usr/share/doc/gcc-8/README.Bugs --enable-languages=c,ada,c++,go,brig,d,fortran,objc,obj-c++ --prefix=/usr --with-gcc-major-version-only --program-suffix=-8 --program-prefix=x86_64-linux-gnu- --enable-shared --enable-linker-build-id --libexecdir=/usr/lib --without-included-gettext --enable-threads=posix --libdir=/usr/lib --enable-nls --enable-bootstrap --enable-clocale=gnu --enable-libstdcxx-debug --enable-libstdcxx-time=yes --with-default-libstdcxx-abi=new --enable-gnu-unique-object --disable-vtable-verify --enable-libmpx --enable-plugin --enable-default-pie --with-system-zlib --with-target-system-zlib --enable-objc-gc=auto --enable-multiarch --disable-werror --with-arch-32=i686 --with-abi=m64 --with-multilib-list=m32,m64,mx32 --enable-multilib --with-tune=generic --enable-offload-targets=nvptx-none --without-cuda-driver --enable-checking=release --build=x86_64-linux-gnu --host=x86_64-linux-gnu --target=x86_64-linux-gnu
Thread model: posix
gcc version 8.3.0 (Debian 8.3.0-6) 
configure:6833: $? = 0
configure:6822: cc -V >&5
cc: error: unrecognized command line option '-V'
cc: fatal error: no input files
compilation terminated.
configure:6833: $? = 1
configure:6822: cc -qversion >&5
cc: error: unrecognized command line option '-qversion'; did you mean '--version'?
cc: fatal error: no input files
compilation terminated.
configure:6833: $? = 1
configure:6837: checking whether we are using the GNU C compiler
configure:6865: result: yes
configure:6874: checking whether cc accepts -g
configure:6935: result: yes
configure:6952: checking for cc option to accept ISO C89
configure:7028: result: none needed
configure:7106: checking for g++
configure:7122: found /usr/bin/g++
configure:7133: result: g++
configure:7160: checking for C++ compiler version
configure:7169: g++ --version >&5
g++ (Debian 8.3.0-6) 8.3.0
Copyright (C) 2018 Free Software Foundation, Inc.
This is free software; see the source for copying conditions.  There is NO
warranty; not even for MERCHANTABILITY or FITNESS FOR A PARTICULAR PURPOSE.

configure:7180: $? = 0
configure:7169: g++ -v >&5
Using built-in specs.
COLLECT_GCC=g++
COLLECT_LTO_WRAPPER=/usr/lib/gcc/x86_64-linux-gnu/8/lto-wrapper
OFFLOAD_TARGET_NAMES=nvptx-none
OFFLOAD_TARGET_DEFAULT=1
Target: x86_64-linux-gnu
Configured with: ../src/configure -v --with-pkgversion='Debian 8.3.0-6' --with-bugurl=file:///usr/share/doc/gcc-8/README.Bugs --enable-languages=c,ada,c++,go,brig,d,fortran,objc,obj-c++ --prefix=/usr --with-gcc-major-version-only --program-suffix=-8 --program-prefix=x86_64-linux-gnu- --enable-shared --enable-linker-build-id --libexecdir=/usr/lib --without-included-gettext --enable-threads=posix --libdir=/usr/lib --enable-nls --enable-bootstrap --enable-clocale=gnu --enable-libstdcxx-debug --enable-libstdcxx-time=yes --with-default-libstdcxx-abi=new --enable-gnu-unique-object --disable-vtable-verify --enable-libmpx --enable-plugin --enable-default-pie --with-system-zlib --with-target-system-zlib --enable-objc-gc=auto --enable-multiarch --disable-werror --with-arch-32=i686 --with-abi=m64 --with-multilib-list=m32,m64,mx32 --enable-multilib --with-tune=generic --enable-offload-targets=nvptx-none --without-cuda-driver --enable-checking=release --build=x86_64-linux-gnu --host=x86_64-linux-gnu --target=x86_64-linux-gnu
Thread model: posix
gcc version 8.3.0 (Debian 8.3.0-6) 
configure:7180: $? = 0
configure:7169: g++ -V >&5
g++: error: unrecognized command line option '-V'
g++: fatal error: no input files
compilation terminated.
configure:7180: $? = 1
configure:7169: g++ -qversion >&5
g++: error: unrecognized command line option '-qversion'; did you mean '--version'?
g++: fatal error: no input files
compilation terminated.
configure:7180: $? = 1
configure:7184: checking whether we are using the GNU C++ compiler
configure:7203: g++ -c   conftest.cpp >&5
configure:7203: $? = 0
configure:7212: result: yes
configure:7221: checking whether g++ accepts -g
configure:7241: g++ -c -g  conftest.cpp >&5
configure:7241: $? = 0
configure:7282: result: yes
configure:7337: cc -c -g -O2  conftest.c >&5
configure:7337: $? = 0
configure:7365: cc -c -g -O2  conftest.c >&5
configure:7365: $? = 0
configure:7392: cc -c -g -O2  conftest.c >&5
configure:7392: $? = 0
configure:7411: cc -c -g -O2  conftest.c >&5
conftest.c:11:2: error: #error Not a supported Sun compiler
 #error Not a supported Sun compiler
  ^~~~~
configure:7411: $? = 1
configure: failed program was:
| /* confdefs.h */
| #define PACKAGE_NAME ""
| #define PACKAGE_TARNAME ""
| #define PACKAGE_VERSION ""
| #define PACKAGE_STRING ""
| #define PACKAGE_BUGREPORT ""
| #define PACKAGE_URL ""
| /* end confdefs.h.  */
| 
| #if !(defined(__SUNPRO_C))
| #error Not a supported Sun compiler
| #endif
| 
| int
| main ()
| {
| 
|   ;
|   return 0;
| }
configure:7437: checking accept ARG2 => struct sockaddr ARG3 => socklen_t 
configure:7457: cc -c -g -O2  -Werror conftest.c >&5
configure:7457: $? = 0
configure:7460: result: ok
configure:7863: cc -c -g -O2  conftest.c >&5
configure:7863: $? = 0
configure:7871: checking for an ANSI C-conforming const
configure:7937: cc -c -g -O2  conftest.c >&5
configure:7937: $? = 0
configure:7944: result: yes
configure:7952: checking for inline
configure:7968: cc -c -g -O2  conftest.c >&5
configure:7968: $? = 0
configure:7976: result: inline
configure:7995: checking for typeof syntax and keyword spelling
configure:8026: cc -c -g -O2  conftest.c >&5
configure:8026: $? = 0
configure:8033: result: typeof
configure:8118: checking for __sync_add_and_fetch_4
configure:8131: cc -o conftest -g -O2   conftest.c  >&5
configure:8131: $? = 0
configure:8132: result: yes
configure:8150: checking for __sync_add_and_fetch_8
configure:8163: cc -o conftest -g -O2   conftest.c  >&5
configure:8163: $? = 0
configure:8164: result: yes
configure:8191: checking for ANSI C header files
configure:8211: cc -c -g -O2  conftest.c >&5
configure:8211: $? = 0
configure:8284: cc -o conftest -g -O2   conftest.c  >&5
configure:8284: $? = 0
configure:8284: ./conftest
configure:8284: $? = 0
configure:8295: result: yes
configure:8308: checking for sys/types.h
configure:8308: cc -c -g -O2  conftest.c >&5
configure:8308: $? = 0
configure:8308: result: yes
configure:8308: checking for sys/stat.h
configure:8308: cc -c -g -O2  conftest.c >&5
configure:8308: $? = 0
configure:8308: result: yes
configure:8308: checking for stdlib.h
configure:8308: cc -c -g -O2  conftest.c >&5
configure:8308: $? = 0
configure:8308: result: yes
configure:8308: checking for string.h
configure:8308: cc -c -g -O2  conftest.c >&5
configure:8308: $? = 0
configure:8308: result: yes
configure:8308: checking for memory.h
configure:8308: cc -c -g -O2  conftest.c >&5
configure:8308: $? = 0
configure:8308: result: yes
configure:8308: checking for strings.h
configure:8308: cc -c -g -O2  conftest.c >&5
configure:8308: $? = 0
configure:8308: result: yes
configure:8308: checking for inttypes.h
configure:8308: cc -c -g -O2  conftest.c >&5
configure:8308: $? = 0
configure:8308: result: yes
configure:8308: checking for stdint.h
configure:8308: cc -c -g -O2  conftest.c >&5
configure:8308: $? = 0
configure:8308: result: yes
configure:8308: checking for unistd.h
configure:8308: cc -c -g -O2  conftest.c >&5
configure:8308: $? = 0
configure:8308: result: yes
configure:8320: checking for stdbool.h that conforms to C99
configure:8387: cc -c -g -O2  conftest.c >&5
configure:8387: $? = 0
configure:8394: result: yes
configure:8396: checking for _Bool
configure:8396: cc -c -g -O2  conftest.c >&5
configure:8396: $? = 0
configure:8396: cc -c -g -O2  conftest.c >&5
conftest.c: In function 'main':
conftest.c:58:20: error: expected expression before ')' token
 if (sizeof ((_Bool)))
                    ^
configure:8396: $? = 1
configure: failed program was:
| /* confdefs.h */
| #define PACKAGE_NAME ""
| #define PACKAGE_TARNAME ""
| #define PACKAGE_VERSION ""
| #define PACKAGE_STRING ""
| #define PACKAGE_BUGREPORT ""
| #define PACKAGE_URL ""
| #define ACCEPT_ARG2 struct sockaddr
| #define ACCEPT_ARG3 socklen_t
| #define HAVE_TYPEOF 1
| #define STDC_HEADERS 1
| #define HAVE_SYS_TYPES_H 1
| #define HAVE_SYS_STAT_H 1
| #define HAVE_STDLIB_H 1
| #define HAVE_STRING_H 1
| #define HAVE_MEMORY_H 1
| #define HAVE_STRINGS_H 1
| #define HAVE_INTTYPES_H 1
| #define HAVE_STDINT_H 1
| #define HAVE_UNISTD_H 1
| /* end confdefs.h.  */
| #include <stdio.h>
| #ifdef HAVE_SYS_TYPES_H
| # include <sys/types.h>
| #endif
| #ifdef HAVE_SYS_STAT_H
| # include <sys/stat.h>
| #endif
| #ifdef STDC_HEADERS
| # include <stdlib.h>
| # include <stddef.h>
| #else
| # ifdef HAVE_STDLIB_H
| #  include <stdlib.h>
| # endif
| #endif
| #ifdef HAVE_STRING_H
| # if !defined STDC_HEADERS && defined HAVE_MEMORY_H
| #  include <memory.h>
| # endif
| # include <string.h>
| #endif
| #ifdef HAVE_STRINGS_H
| # include <strings.h>
| #endif
| #ifdef HAVE_INTTYPES_H
| # include <inttypes.h>
| #endif
| #ifdef HAVE_STDINT_H
| # include <stdint.h>
| #endif
| #ifdef HAVE_UNISTD_H
| # include <unistd.h>
| #endif
| int
| main ()
| {
| if (sizeof ((_Bool)))
| 	    return 0;
|   ;
|   return 0;
| }
configure:8396: result: yes
configure:8420: checking for strings.h
configure:8420: result: yes
configure:8434: checking whether byte ordering is bigendian
configure:8449: cc -c -g -O2  conftest.c >&5
conftest.c:25:9: error: unknown type name 'not'
         not a universal capable compiler
         ^~~
conftest.c:25:15: error: expected '=', ',', ';', 'asm' or '__attribute__' before 'universal'
         not a universal capable compiler
               ^~~~~~~~~
conftest.c:25:15: error: unknown type name 'universal'
configure:8449: $? = 1
configure: failed program was:
| /* confdefs.h */
| #define PACKAGE_NAME ""
| #define PACKAGE_TARNAME ""
| #define PACKAGE_VERSION ""
| #define PACKAGE_STRING ""
| #define PACKAGE_BUGREPORT ""
| #define PACKAGE_URL ""
| #define ACCEPT_ARG2 struct sockaddr
| #define ACCEPT_ARG3 socklen_t
| #define HAVE_TYPEOF 1
| #define STDC_HEADERS 1
| #define HAVE_SYS_TYPES_H 1
| #define HAVE_SYS_STAT_H 1
| #define HAVE_STDLIB_H 1
| #define HAVE_STRING_H 1
| #define HAVE_MEMORY_H 1
| #define HAVE_STRINGS_H 1
| #define HAVE_INTTYPES_H 1
| #define HAVE_STDINT_H 1
| #define HAVE_UNISTD_H 1
| #define HAVE__BOOL 1
| #define HAVE_STDBOOL_H 1
| /* end confdefs.h.  */
| #ifndef __APPLE_CC__
| 	       not a universal capable compiler
| 	     #endif
| 	     typedef int dummy;
| 
configure:8494: cc -c -g -O2  conftest.c >&5
configure:8494: $? = 0
configure:8512: cc -c -g -O2  conftest.c >&5
conftest.c: In function 'main':
conftest.c:31:4: error: unknown type name 'not'; did you mean 'ino_t'?
    not big endian
    ^~~
    ino_t
conftest.c:31:12: error: expected '=', ',', ';', 'asm' or '__attribute__' before 'endian'
    not big endian
            ^~~~~~
configure:8512: $? = 1
configure: failed program was:
| /* confdefs.h */
| #define PACKAGE_NAME ""
| #define PACKAGE_TARNAME ""
| #define PACKAGE_VERSION ""
| #define PACKAGE_STRING ""
| #define PACKAGE_BUGREPORT ""
| #define PACKAGE_URL ""
| #define ACCEPT_ARG2 struct sockaddr
| #define ACCEPT_ARG3 socklen_t
| #define HAVE_TYPEOF 1
| #define STDC_HEADERS 1
| #define HAVE_SYS_TYPES_H 1
| #define HAVE_SYS_STAT_H 1
| #define HAVE_STDLIB_H 1
| #define HAVE_STRING_H 1
| #define HAVE_MEMORY_H 1
| #define HAVE_STRINGS_H 1
| #define HAVE_INTTYPES_H 1
| #define HAVE_STDINT_H 1
| #define HAVE_UNISTD_H 1
| #define HAVE__BOOL 1
| #define HAVE_STDBOOL_H 1
| /* end confdefs.h.  */
| #include <sys/types.h>
| 		#include <sys/param.h>
| 
| int
| main ()
| {
| #if BYTE_ORDER != BIG_ENDIAN
| 		 not big endian
| 		#endif
| 
|   ;
|   return 0;
| }
configure:8640: result: no
configure:8671: checking for strnlen
configure:8690: cc -c -g -O2  conftest.c >&5
conftest.c:26:5: error: conflicting types for 'strnlen'
 int strnlen () { return 0; }
     ^~~~~~~
In file included from conftest.c:25:
/usr/include/string.h:390:15: note: previous declaration of 'strnlen' was here
 extern size_t strnlen (const char *__string, size_t __maxlen)
               ^~~~~~~
configure:8690: $? = 1
configure: failed program was:
| /* confdefs.h */
| #define PACKAGE_NAME ""
| #define PACKAGE_TARNAME ""
| #define PACKAGE_VERSION ""
| #define PACKAGE_STRING ""
| #define PACKAGE_BUGREPORT ""
| #define PACKAGE_URL ""
| #define ACCEPT_ARG2 struct sockaddr
| #define ACCEPT_ARG3 socklen_t
| #define HAVE_TYPEOF 1
| #define STDC_HEADERS 1
| #define HAVE_SYS_TYPES_H 1
| #define HAVE_SYS_STAT_H 1
| #define HAVE_STDLIB_H 1
| #define HAVE_STRING_H 1
| #define HAVE_MEMORY_H 1
| #define HAVE_STRINGS_H 1
| #define HAVE_INTTYPES_H 1
| #define HAVE_STDINT_H 1
| #define HAVE_UNISTD_H 1
| #define HAVE__BOOL 1
| #define HAVE_STDBOOL_H 1
| /* end confdefs.h.  */
| 
| #include <string.h>
| int strnlen () { return 0; }
| 
| int
| main ()
| {
| 
|   ;
|   return 0;
| }
configure:8697: result: yes
configure:8707: checking for reallocf
configure:8726: cc -c -g -O2  conftest.c >&5
configure:8726: $? = 0
configure:8733: result: no
configure:8743: checking for syscall
configure:8763: cc -c -g -O2  conftest.c >&5
conftest.c:27:5: error: conflicting types for 'syscall'
 int syscall () { return 0; }
     ^~~~~~~
In file included from conftest.c:25:
/usr/include/unistd.h:1056:17: note: previous declaration of 'syscall' was here
 extern long int syscall (long int __sysno, ...) __THROW;
                 ^~~~~~~
configure:8763: $? = 1
configure: failed program was:
| /* confdefs.h */
| #define PACKAGE_NAME ""
| #define PACKAGE_TARNAME ""
| #define PACKAGE_VERSION ""
| #define PACKAGE_STRING ""
| #define PACKAGE_BUGREPORT ""
| #define PACKAGE_URL ""
| #define ACCEPT_ARG2 struct sockaddr
| #define ACCEPT_ARG3 socklen_t
| #define HAVE_TYPEOF 1
| #define STDC_HEADERS 1
| #define HAVE_SYS_TYPES_H 1
| #define HAVE_SYS_STAT_H 1
| #define HAVE_STDLIB_H 1
| #define HAVE_STRING_H 1
| #define HAVE_MEMORY_H 1
| #define HAVE_STRINGS_H 1
| #define HAVE_INTTYPES_H 1
| #define HAVE_STDINT_H 1
| #define HAVE_UNISTD_H 1
| #define HAVE__BOOL 1
| #define HAVE_STDBOOL_H 1
| /* end confdefs.h.  */
| 
| #include <unistd.h>
| #include <sys/syscall.h>
| int syscall () { return 0; }
| 
| int
| main ()
| {
| 
|   ;
|   return 0;
| }
configure:8770: result: yes
configure:8773: checking for SYS_gettid
configure:8793: cc -c -g -O2  conftest.c >&5
configure:8793: $? = 0
configure:8800: result: yes
configure:8811: checking for snprintf
configure:8811: cc -o conftest -g -O2   conftest.c  >&5
conftest.c:47:6: warning: conflicting types for built-in function 'snprintf' [-Wbuiltin-declaration-mismatch]
 char snprintf ();
      ^~~~~~~~
configure:8811: $? = 0
configure:8811: result: yes
configure:8821: checking for strlcpy
configure:8821: cc -o conftest -g -O2   conftest.c  >&5
/usr/bin/ld: /tmp/ccLkKhws.o: in function `main':
/usr/local/etc/php/mongodb-1.7.4/conftest.c:58: undefined reference to `strlcpy'
collect2: error: ld returned 1 exit status
configure:8821: $? = 1
configure: failed program was:
| /* confdefs.h */
| #define PACKAGE_NAME ""
| #define PACKAGE_TARNAME ""
| #define PACKAGE_VERSION ""
| #define PACKAGE_STRING ""
| #define PACKAGE_BUGREPORT ""
| #define PACKAGE_URL ""
| #define ACCEPT_ARG2 struct sockaddr
| #define ACCEPT_ARG3 socklen_t
| #define HAVE_TYPEOF 1
| #define STDC_HEADERS 1
| #define HAVE_SYS_TYPES_H 1
| #define HAVE_SYS_STAT_H 1
| #define HAVE_STDLIB_H 1
| #define HAVE_STRING_H 1
| #define HAVE_MEMORY_H 1
| #define HAVE_STRINGS_H 1
| #define HAVE_INTTYPES_H 1
| #define HAVE_STDINT_H 1
| #define HAVE_UNISTD_H 1
| #define HAVE__BOOL 1
| #define HAVE_STDBOOL_H 1
| /* end confdefs.h.  */
| /* Define strlcpy to an innocuous variant, in case <limits.h> declares strlcpy.
|    For example, HP-UX 11i <limits.h> declares gettimeofday.  */
| #define strlcpy innocuous_strlcpy
| 
| /* System header to define __stub macros and hopefully few prototypes,
|     which can conflict with char strlcpy (); below.
|     Prefer <limits.h> to <assert.h> if __STDC__ is defined, since
|     <limits.h> exists even on freestanding compilers.  */
| 
| #ifdef __STDC__
| # include <limits.h>
| #else
| # include <assert.h>
| #endif
| 
| #undef strlcpy
| 
| /* Override any GCC internal prototype to avoid an error.
|    Use char because int might match the return type of a GCC
|    builtin and then its argument prototype would still apply.  */
| #ifdef __cplusplus
| extern "C"
| #endif
| char strlcpy ();
| /* The GNU C library defines this for functions which it implements
|     to always fail with ENOSYS.  Some functions are actually named
|     something starting with __ and the normal name is an alias.  */
| #if defined __stub_strlcpy || defined __stub___strlcpy
| choke me
| #endif
| 
| int
| main ()
| {
| return strlcpy ();
|   ;
|   return 0;
| }
configure:8821: result: no
configure:8831: checking for struct timespec
configure:8831: cc -c -g -O2  conftest.c >&5
configure:8831: $? = 0
configure:8831: cc -c -g -O2  conftest.c >&5
conftest.c: In function 'main':
conftest.c:29:30: error: expected expression before ')' token
 if (sizeof ((struct timespec)))
                              ^
configure:8831: $? = 1
configure: failed program was:
| /* confdefs.h */
| #define PACKAGE_NAME ""
| #define PACKAGE_TARNAME ""
| #define PACKAGE_VERSION ""
| #define PACKAGE_STRING ""
| #define PACKAGE_BUGREPORT ""
| #define PACKAGE_URL ""
| #define ACCEPT_ARG2 struct sockaddr
| #define ACCEPT_ARG3 socklen_t
| #define HAVE_TYPEOF 1
| #define STDC_HEADERS 1
| #define HAVE_SYS_TYPES_H 1
| #define HAVE_SYS_STAT_H 1
| #define HAVE_STDLIB_H 1
| #define HAVE_STRING_H 1
| #define HAVE_MEMORY_H 1
| #define HAVE_STRINGS_H 1
| #define HAVE_INTTYPES_H 1
| #define HAVE_STDINT_H 1
| #define HAVE_UNISTD_H 1
| #define HAVE__BOOL 1
| #define HAVE_STDBOOL_H 1
| /* end confdefs.h.  */
| #include <time.h>
| 
| int
| main ()
| {
| if (sizeof ((struct timespec)))
| 	    return 0;
|   ;
|   return 0;
| }
configure:8831: result: yes
configure:8842: checking for library containing clock_gettime
configure:8873: cc -o conftest -g -O2   conftest.c  >&5
configure:8873: $? = 0
configure:8890: result: none required
configure:8900: checking for library containing floor
configure:8931: cc -o conftest -g -O2   conftest.c  >&5
conftest.c:31:6: warning: conflicting types for built-in function 'floor' [-Wbuiltin-declaration-mismatch]
 char floor ();
      ^~~~~
/usr/bin/ld: /tmp/ccZPobyP.o: in function `main':
/usr/local/etc/php/mongodb-1.7.4/conftest.c:35: undefined reference to `floor'
collect2: error: ld returned 1 exit status
configure:8931: $? = 1
configure: failed program was:
| /* confdefs.h */
| #define PACKAGE_NAME ""
| #define PACKAGE_TARNAME ""
| #define PACKAGE_VERSION ""
| #define PACKAGE_STRING ""
| #define PACKAGE_BUGREPORT ""
| #define PACKAGE_URL ""
| #define ACCEPT_ARG2 struct sockaddr
| #define ACCEPT_ARG3 socklen_t
| #define HAVE_TYPEOF 1
| #define STDC_HEADERS 1
| #define HAVE_SYS_TYPES_H 1
| #define HAVE_SYS_STAT_H 1
| #define HAVE_STDLIB_H 1
| #define HAVE_STRING_H 1
| #define HAVE_MEMORY_H 1
| #define HAVE_STRINGS_H 1
| #define HAVE_INTTYPES_H 1
| #define HAVE_STDINT_H 1
| #define HAVE_UNISTD_H 1
| #define HAVE__BOOL 1
| #define HAVE_STDBOOL_H 1
| /* end confdefs.h.  */
| 
| /* Override any GCC internal prototype to avoid an error.
|    Use char because int might match the return type of a GCC
|    builtin and then its argument prototype would still apply.  */
| #ifdef __cplusplus
| extern "C"
| #endif
| char floor ();
| int
| main ()
| {
| return floor ();
|   ;
|   return 0;
| }
configure:8931: cc -o conftest -g -O2   conftest.c -lm   >&5
conftest.c:31:6: warning: conflicting types for built-in function 'floor' [-Wbuiltin-declaration-mismatch]
 char floor ();
      ^~~~~
configure:8931: $? = 0
configure:8948: result: -lm
configure:8960: checking for gmtime_r
configure:8960: cc -o conftest -g -O2   conftest.c -lm  >&5
configure:8960: $? = 0
configure:8960: result: yes
configure:8970: checking for rand_r
configure:8970: cc -o conftest -g -O2   conftest.c -lm  >&5
configure:8970: $? = 0
configure:8970: result: yes
configure:9094: checking if compiler needs -Werror to reject unknown flags
configure:9110: cc -c -g -O2 -Werror -Wunknown-warning-option -Wsizeof-array-argument  conftest.c >&5
cc: error: unrecognized command line option '-Wunknown-warning-option'
configure:9110: $? = 1
configure: failed program was:
| /* confdefs.h */
| #define PACKAGE_NAME ""
| #define PACKAGE_TARNAME ""
| #define PACKAGE_VERSION ""
| #define PACKAGE_STRING ""
| #define PACKAGE_BUGREPORT ""
| #define PACKAGE_URL ""
| #define ACCEPT_ARG2 struct sockaddr
| #define ACCEPT_ARG3 socklen_t
| #define HAVE_TYPEOF 1
| #define STDC_HEADERS 1
| #define HAVE_SYS_TYPES_H 1
| #define HAVE_SYS_STAT_H 1
| #define HAVE_STDLIB_H 1
| #define HAVE_STRING_H 1
| #define HAVE_MEMORY_H 1
| #define HAVE_STRINGS_H 1
| #define HAVE_INTTYPES_H 1
| #define HAVE_STDINT_H 1
| #define HAVE_UNISTD_H 1
| #define HAVE__BOOL 1
| #define HAVE_STDBOOL_H 1
| /* end confdefs.h.  */
| int foo(void);
| int
| main ()
| {
| foo()
|   ;
|   return 0;
| }
configure:9115: result: no
configure:9181: checking for the pthreads library -lpthreads
configure:9219: cc -o conftest -g -O2     conftest.c -lpthreads -lm  >&5
/usr/bin/ld: cannot find -lpthreads
collect2: error: ld returned 1 exit status
configure:9219: $? = 1
configure: failed program was:
| /* confdefs.h */
| #define PACKAGE_NAME ""
| #define PACKAGE_TARNAME ""
| #define PACKAGE_VERSION ""
| #define PACKAGE_STRING ""
| #define PACKAGE_BUGREPORT ""
| #define PACKAGE_URL ""
| #define ACCEPT_ARG2 struct sockaddr
| #define ACCEPT_ARG3 socklen_t
| #define HAVE_TYPEOF 1
| #define STDC_HEADERS 1
| #define HAVE_SYS_TYPES_H 1
| #define HAVE_SYS_STAT_H 1
| #define HAVE_STDLIB_H 1
| #define HAVE_STRING_H 1
| #define HAVE_MEMORY_H 1
| #define HAVE_STRINGS_H 1
| #define HAVE_INTTYPES_H 1
| #define HAVE_STDINT_H 1
| #define HAVE_UNISTD_H 1
| #define HAVE__BOOL 1
| #define HAVE_STDBOOL_H 1
| /* end confdefs.h.  */
| #include <pthread.h>
|                         static void routine(void *a) { a = 0; }
|                         static void *start_routine(void *a) { return a; }
| int
| main ()
| {
| pthread_t th; pthread_attr_t attr;
|                         pthread_create(&th, 0, start_routine, 0);
|                         pthread_join(th, 0);
|                         pthread_attr_init(&attr);
|                         pthread_cleanup_push(routine, 0);
|                         pthread_cleanup_pop(0) /* ; */
|   ;
|   return 0;
| }
configure:9228: result: no
configure:9126: checking whether pthreads work without any flags
configure:9219: cc -o conftest -g -O2     conftest.c  -lm  >&5
/usr/bin/ld: /tmp/ccDtyqzi.o: in function `main':
/usr/local/etc/php/mongodb-1.7.4/conftest.c:31: undefined reference to `pthread_create'
/usr/bin/ld: /usr/local/etc/php/mongodb-1.7.4/conftest.c:32: undefined reference to `pthread_join'
/usr/bin/ld: /usr/local/etc/php/mongodb-1.7.4/conftest.c:34: undefined reference to `__pthread_register_cancel'
/usr/bin/ld: /usr/local/etc/php/mongodb-1.7.4/conftest.c:35: undefined reference to `__pthread_unregister_cancel'
collect2: error: ld returned 1 exit status
configure:9219: $? = 1
configure: failed program was:
| /* confdefs.h */
| #define PACKAGE_NAME ""
| #define PACKAGE_TARNAME ""
| #define PACKAGE_VERSION ""
| #define PACKAGE_STRING ""
| #define PACKAGE_BUGREPORT ""
| #define PACKAGE_URL ""
| #define ACCEPT_ARG2 struct sockaddr
| #define ACCEPT_ARG3 socklen_t
| #define HAVE_TYPEOF 1
| #define STDC_HEADERS 1
| #define HAVE_SYS_TYPES_H 1
| #define HAVE_SYS_STAT_H 1
| #define HAVE_STDLIB_H 1
| #define HAVE_STRING_H 1
| #define HAVE_MEMORY_H 1
| #define HAVE_STRINGS_H 1
| #define HAVE_INTTYPES_H 1
| #define HAVE_STDINT_H 1
| #define HAVE_UNISTD_H 1
| #define HAVE__BOOL 1
| #define HAVE_STDBOOL_H 1
| /* end confdefs.h.  */
| #include <pthread.h>
|                         static void routine(void *a) { a = 0; }
|                         static void *start_routine(void *a) { return a; }
| int
| main ()
| {
| pthread_t th; pthread_attr_t attr;
|                         pthread_create(&th, 0, start_routine, 0);
|                         pthread_join(th, 0);
|                         pthread_attr_init(&attr);
|                         pthread_cleanup_push(routine, 0);
|                         pthread_cleanup_pop(0) /* ; */
|   ;
|   return 0;
| }
configure:9228: result: no
configure:9131: checking whether pthreads work with -Kthread
configure:9219: cc -o conftest -g -O2 -Kthread    conftest.c  -lm  >&5
cc: error: unrecognized command line option '-Kthread'; did you mean '-pthread'?
configure:9219: $? = 1
configure: failed program was:
| /* confdefs.h */
| #define PACKAGE_NAME ""
| #define PACKAGE_TARNAME ""
| #define PACKAGE_VERSION ""
| #define PACKAGE_STRING ""
| #define PACKAGE_BUGREPORT ""
| #define PACKAGE_URL ""
| #define ACCEPT_ARG2 struct sockaddr
| #define ACCEPT_ARG3 socklen_t
| #define HAVE_TYPEOF 1
| #define STDC_HEADERS 1
| #define HAVE_SYS_TYPES_H 1
| #define HAVE_SYS_STAT_H 1
| #define HAVE_STDLIB_H 1
| #define HAVE_STRING_H 1
| #define HAVE_MEMORY_H 1
| #define HAVE_STRINGS_H 1
| #define HAVE_INTTYPES_H 1
| #define HAVE_STDINT_H 1
| #define HAVE_UNISTD_H 1
| #define HAVE__BOOL 1
| #define HAVE_STDBOOL_H 1
| /* end confdefs.h.  */
| #include <pthread.h>
|                         static void routine(void *a) { a = 0; }
|                         static void *start_routine(void *a) { return a; }
| int
| main ()
| {
| pthread_t th; pthread_attr_t attr;
|                         pthread_create(&th, 0, start_routine, 0);
|                         pthread_join(th, 0);
|                         pthread_attr_init(&attr);
|                         pthread_cleanup_push(routine, 0);
|                         pthread_cleanup_pop(0) /* ; */
|   ;
|   return 0;
| }
configure:9228: result: no
configure:9131: checking whether pthreads work with -kthread
configure:9219: cc -o conftest -g -O2 -kthread    conftest.c  -lm  >&5
cc: error: unrecognized command line option '-kthread'; did you mean '-pthread'?
configure:9219: $? = 1
configure: failed program was:
| /* confdefs.h */
| #define PACKAGE_NAME ""
| #define PACKAGE_TARNAME ""
| #define PACKAGE_VERSION ""
| #define PACKAGE_STRING ""
| #define PACKAGE_BUGREPORT ""
| #define PACKAGE_URL ""
| #define ACCEPT_ARG2 struct sockaddr
| #define ACCEPT_ARG3 socklen_t
| #define HAVE_TYPEOF 1
| #define STDC_HEADERS 1
| #define HAVE_SYS_TYPES_H 1
| #define HAVE_SYS_STAT_H 1
| #define HAVE_STDLIB_H 1
| #define HAVE_STRING_H 1
| #define HAVE_MEMORY_H 1
| #define HAVE_STRINGS_H 1
| #define HAVE_INTTYPES_H 1
| #define HAVE_STDINT_H 1
| #define HAVE_UNISTD_H 1
| #define HAVE__BOOL 1
| #define HAVE_STDBOOL_H 1
| /* end confdefs.h.  */
| #include <pthread.h>
|                         static void routine(void *a) { a = 0; }
|                         static void *start_routine(void *a) { return a; }
| int
| main ()
| {
| pthread_t th; pthread_attr_t attr;
|                         pthread_create(&th, 0, start_routine, 0);
|                         pthread_join(th, 0);
|                         pthread_attr_init(&attr);
|                         pthread_cleanup_push(routine, 0);
|                         pthread_cleanup_pop(0) /* ; */
|   ;
|   return 0;
| }
configure:9228: result: no
configure:9181: checking for the pthreads library -llthread
configure:9219: cc -o conftest -g -O2     conftest.c -llthread -lm  >&5
/usr/bin/ld: cannot find -llthread
collect2: error: ld returned 1 exit status
configure:9219: $? = 1
configure: failed program was:
| /* confdefs.h */
| #define PACKAGE_NAME ""
| #define PACKAGE_TARNAME ""
| #define PACKAGE_VERSION ""
| #define PACKAGE_STRING ""
| #define PACKAGE_BUGREPORT ""
| #define PACKAGE_URL ""
| #define ACCEPT_ARG2 struct sockaddr
| #define ACCEPT_ARG3 socklen_t
| #define HAVE_TYPEOF 1
| #define STDC_HEADERS 1
| #define HAVE_SYS_TYPES_H 1
| #define HAVE_SYS_STAT_H 1
| #define HAVE_STDLIB_H 1
| #define HAVE_STRING_H 1
| #define HAVE_MEMORY_H 1
| #define HAVE_STRINGS_H 1
| #define HAVE_INTTYPES_H 1
| #define HAVE_STDINT_H 1
| #define HAVE_UNISTD_H 1
| #define HAVE__BOOL 1
| #define HAVE_STDBOOL_H 1
| /* end confdefs.h.  */
| #include <pthread.h>
|                         static void routine(void *a) { a = 0; }
|                         static void *start_routine(void *a) { return a; }
| int
| main ()
| {
| pthread_t th; pthread_attr_t attr;
|                         pthread_create(&th, 0, start_routine, 0);
|                         pthread_join(th, 0);
|                         pthread_attr_init(&attr);
|                         pthread_cleanup_push(routine, 0);
|                         pthread_cleanup_pop(0) /* ; */
|   ;
|   return 0;
| }
configure:9228: result: no
configure:9131: checking whether pthreads work with -pthread
configure:9219: cc -o conftest -g -O2 -pthread    conftest.c  -lm  >&5
configure:9219: $? = 0
configure:9228: result: yes
configure:9247: checking for joinable pthread attribute
configure:9262: cc -o conftest -g -O2 -pthread   conftest.c  -lm  >&5
configure:9262: $? = 0
configure:9268: result: PTHREAD_CREATE_JOINABLE
configure:9278: checking if more special flags are required for pthreads
configure:9293: result: no
configure:9299: checking for PTHREAD_PRIO_INHERIT
configure:9316: cc -o conftest -g -O2 -pthread   conftest.c  -lm  >&5
configure:9316: $? = 0
configure:9325: result: yes
configure:9642: checking whether PTHREAD_ONCE_INIT needs braces
configure:9659: cc -c -g -O2  conftest.c >&5
configure:9659: $? = 0
configure:9666: result: no
configure:9752: checking for pkg-config
configure:9770: found /usr/bin/pkg-config
configure:9782: result: /usr/bin/pkg-config
configure:9807: checking pkg-config is at least version 0.9.0
configure:9810: result: yes
configure:9820: checking for PHP_MONGODB_SNAPPY
configure:9827: $PKG_CONFIG --exists --print-errors "snappy"
Package snappy was not found in the pkg-config search path.
Perhaps you should add the directory containing `snappy.pc'
to the PKG_CONFIG_PATH environment variable
No package 'snappy' found
configure:9830: $? = 1
configure:9844: $PKG_CONFIG --exists --print-errors "snappy"
Package snappy was not found in the pkg-config search path.
Perhaps you should add the directory containing `snappy.pc'
to the PKG_CONFIG_PATH environment variable
No package 'snappy' found
configure:9847: $? = 1
configure:9861: result: no
No package 'snappy' found
configure:9983: checking for snappy_uncompress in -lsnappy
configure:10008: cc -o conftest -g -O2   conftest.c -lsnappy  -lm  >&5
/usr/bin/ld: cannot find -lsnappy
collect2: error: ld returned 1 exit status
configure:10008: $? = 1
configure: failed program was:
| /* confdefs.h */
| #define PACKAGE_NAME ""
| #define PACKAGE_TARNAME ""
| #define PACKAGE_VERSION ""
| #define PACKAGE_STRING ""
| #define PACKAGE_BUGREPORT ""
| #define PACKAGE_URL ""
| #define ACCEPT_ARG2 struct sockaddr
| #define ACCEPT_ARG3 socklen_t
| #define HAVE_TYPEOF 1
| #define STDC_HEADERS 1
| #define HAVE_SYS_TYPES_H 1
| #define HAVE_SYS_STAT_H 1
| #define HAVE_STDLIB_H 1
| #define HAVE_STRING_H 1
| #define HAVE_MEMORY_H 1
| #define HAVE_STRINGS_H 1
| #define HAVE_INTTYPES_H 1
| #define HAVE_STDINT_H 1
| #define HAVE_UNISTD_H 1
| #define HAVE__BOOL 1
| #define HAVE_STDBOOL_H 1
| #define HAVE_PTHREAD_PRIO_INHERIT 1
| /* end confdefs.h.  */
| 
| /* Override any GCC internal prototype to avoid an error.
|    Use char because int might match the return type of a GCC
|    builtin and then its argument prototype would still apply.  */
| #ifdef __cplusplus
| extern "C"
| #endif
| char snappy_uncompress ();
| int
| main ()
| {
| return snappy_uncompress ();
|   ;
|   return 0;
| }
configure:10017: result: no
configure:10035: checking snappy-c.h usability
configure:10035: cc -c -g -O2  conftest.c >&5
conftest.c:58:10: fatal error: snappy-c.h: No such file or directory
 #include <snappy-c.h>
          ^~~~~~~~~~~~
compilation terminated.
configure:10035: $? = 1
configure: failed program was:
| /* confdefs.h */
| #define PACKAGE_NAME ""
| #define PACKAGE_TARNAME ""
| #define PACKAGE_VERSION ""
| #define PACKAGE_STRING ""
| #define PACKAGE_BUGREPORT ""
| #define PACKAGE_URL ""
| #define ACCEPT_ARG2 struct sockaddr
| #define ACCEPT_ARG3 socklen_t
| #define HAVE_TYPEOF 1
| #define STDC_HEADERS 1
| #define HAVE_SYS_TYPES_H 1
| #define HAVE_SYS_STAT_H 1
| #define HAVE_STDLIB_H 1
| #define HAVE_STRING_H 1
| #define HAVE_MEMORY_H 1
| #define HAVE_STRINGS_H 1
| #define HAVE_INTTYPES_H 1
| #define HAVE_STDINT_H 1
| #define HAVE_UNISTD_H 1
| #define HAVE__BOOL 1
| #define HAVE_STDBOOL_H 1
| #define HAVE_PTHREAD_PRIO_INHERIT 1
| /* end confdefs.h.  */
| #include <stdio.h>
| #ifdef HAVE_SYS_TYPES_H
| # include <sys/types.h>
| #endif
| #ifdef HAVE_SYS_STAT_H
| # include <sys/stat.h>
| #endif
| #ifdef STDC_HEADERS
| # include <stdlib.h>
| # include <stddef.h>
| #else
| # ifdef HAVE_STDLIB_H
| #  include <stdlib.h>
| # endif
| #endif
| #ifdef HAVE_STRING_H
| # if !defined STDC_HEADERS && defined HAVE_MEMORY_H
| #  include <memory.h>
| # endif
| # include <string.h>
| #endif
| #ifdef HAVE_STRINGS_H
| # include <strings.h>
| #endif
| #ifdef HAVE_INTTYPES_H
| # include <inttypes.h>
| #endif
| #ifdef HAVE_STDINT_H
| # include <stdint.h>
| #endif
| #ifdef HAVE_UNISTD_H
| # include <unistd.h>
| #endif
| #include <snappy-c.h>
configure:10035: result: no
configure:10035: checking snappy-c.h presence
configure:10035: cc -E  conftest.c
conftest.c:25:10: fatal error: snappy-c.h: No such file or directory
 #include <snappy-c.h>
          ^~~~~~~~~~~~
compilation terminated.
configure:10035: $? = 1
configure: failed program was:
| /* confdefs.h */
| #define PACKAGE_NAME ""
| #define PACKAGE_TARNAME ""
| #define PACKAGE_VERSION ""
| #define PACKAGE_STRING ""
| #define PACKAGE_BUGREPORT ""
| #define PACKAGE_URL ""
| #define ACCEPT_ARG2 struct sockaddr
| #define ACCEPT_ARG3 socklen_t
| #define HAVE_TYPEOF 1
| #define STDC_HEADERS 1
| #define HAVE_SYS_TYPES_H 1
| #define HAVE_SYS_STAT_H 1
| #define HAVE_STDLIB_H 1
| #define HAVE_STRING_H 1
| #define HAVE_MEMORY_H 1
| #define HAVE_STRINGS_H 1
| #define HAVE_INTTYPES_H 1
| #define HAVE_STDINT_H 1
| #define HAVE_UNISTD_H 1
| #define HAVE__BOOL 1
| #define HAVE_STDBOOL_H 1
| #define HAVE_PTHREAD_PRIO_INHERIT 1
| /* end confdefs.h.  */
| #include <snappy-c.h>
configure:10035: result: no
configure:10035: checking for snappy-c.h
configure:10035: result: no
configure:10380: checking for PHP_MONGODB_ZLIB
configure:10387: $PKG_CONFIG --exists --print-errors "zlib"
Package zlib was not found in the pkg-config search path.
Perhaps you should add the directory containing `zlib.pc'
to the PKG_CONFIG_PATH environment variable
No package 'zlib' found
configure:10390: $? = 1
configure:10404: $PKG_CONFIG --exists --print-errors "zlib"
Package zlib was not found in the pkg-config search path.
Perhaps you should add the directory containing `zlib.pc'
to the PKG_CONFIG_PATH environment variable
No package 'zlib' found
configure:10407: $? = 1
configure:10421: result: no
No package 'zlib' found
configure:10543: checking for compress2 in -lzlib
configure:10568: cc -o conftest -g -O2   conftest.c -lzlib  -lm  >&5
/usr/bin/ld: cannot find -lzlib
collect2: error: ld returned 1 exit status
configure:10568: $? = 1
configure: failed program was:
| /* confdefs.h */
| #define PACKAGE_NAME ""
| #define PACKAGE_TARNAME ""
| #define PACKAGE_VERSION ""
| #define PACKAGE_STRING ""
| #define PACKAGE_BUGREPORT ""
| #define PACKAGE_URL ""
| #define ACCEPT_ARG2 struct sockaddr
| #define ACCEPT_ARG3 socklen_t
| #define HAVE_TYPEOF 1
| #define STDC_HEADERS 1
| #define HAVE_SYS_TYPES_H 1
| #define HAVE_SYS_STAT_H 1
| #define HAVE_STDLIB_H 1
| #define HAVE_STRING_H 1
| #define HAVE_MEMORY_H 1
| #define HAVE_STRINGS_H 1
| #define HAVE_INTTYPES_H 1
| #define HAVE_STDINT_H 1
| #define HAVE_UNISTD_H 1
| #define HAVE__BOOL 1
| #define HAVE_STDBOOL_H 1
| #define HAVE_PTHREAD_PRIO_INHERIT 1
| /* end confdefs.h.  */
| 
| /* Override any GCC internal prototype to avoid an error.
|    Use char because int might match the return type of a GCC
|    builtin and then its argument prototype would still apply.  */
| #ifdef __cplusplus
| extern "C"
| #endif
| char compress2 ();
| int
| main ()
| {
| return compress2 ();
|   ;
|   return 0;
| }
configure:10577: result: no
configure:10595: checking zlib.h usability
configure:10595: cc -c -g -O2  conftest.c >&5
conftest.c:58:10: fatal error: zlib.h: No such file or directory
 #include <zlib.h>
          ^~~~~~~~
compilation terminated.
configure:10595: $? = 1
configure: failed program was:
| /* confdefs.h */
| #define PACKAGE_NAME ""
| #define PACKAGE_TARNAME ""
| #define PACKAGE_VERSION ""
| #define PACKAGE_STRING ""
| #define PACKAGE_BUGREPORT ""
| #define PACKAGE_URL ""
| #define ACCEPT_ARG2 struct sockaddr
| #define ACCEPT_ARG3 socklen_t
| #define HAVE_TYPEOF 1
| #define STDC_HEADERS 1
| #define HAVE_SYS_TYPES_H 1
| #define HAVE_SYS_STAT_H 1
| #define HAVE_STDLIB_H 1
| #define HAVE_STRING_H 1
| #define HAVE_MEMORY_H 1
| #define HAVE_STRINGS_H 1
| #define HAVE_INTTYPES_H 1
| #define HAVE_STDINT_H 1
| #define HAVE_UNISTD_H 1
| #define HAVE__BOOL 1
| #define HAVE_STDBOOL_H 1
| #define HAVE_PTHREAD_PRIO_INHERIT 1
| /* end confdefs.h.  */
| #include <stdio.h>
| #ifdef HAVE_SYS_TYPES_H
| # include <sys/types.h>
| #endif
| #ifdef HAVE_SYS_STAT_H
| # include <sys/stat.h>
| #endif
| #ifdef STDC_HEADERS
| # include <stdlib.h>
| # include <stddef.h>
| #else
| # ifdef HAVE_STDLIB_H
| #  include <stdlib.h>
| # endif
| #endif
| #ifdef HAVE_STRING_H
| # if !defined STDC_HEADERS && defined HAVE_MEMORY_H
| #  include <memory.h>
| # endif
| # include <string.h>
| #endif
| #ifdef HAVE_STRINGS_H
| # include <strings.h>
| #endif
| #ifdef HAVE_INTTYPES_H
| # include <inttypes.h>
| #endif
| #ifdef HAVE_STDINT_H
| # include <stdint.h>
| #endif
| #ifdef HAVE_UNISTD_H
| # include <unistd.h>
| #endif
| #include <zlib.h>
configure:10595: result: no
configure:10595: checking zlib.h presence
configure:10595: cc -E  conftest.c
conftest.c:25:10: fatal error: zlib.h: No such file or directory
 #include <zlib.h>
          ^~~~~~~~
compilation terminated.
configure:10595: $? = 1
configure: failed program was:
| /* confdefs.h */
| #define PACKAGE_NAME ""
| #define PACKAGE_TARNAME ""
| #define PACKAGE_VERSION ""
| #define PACKAGE_STRING ""
| #define PACKAGE_BUGREPORT ""
| #define PACKAGE_URL ""
| #define ACCEPT_ARG2 struct sockaddr
| #define ACCEPT_ARG3 socklen_t
| #define HAVE_TYPEOF 1
| #define STDC_HEADERS 1
| #define HAVE_SYS_TYPES_H 1
| #define HAVE_SYS_STAT_H 1
| #define HAVE_STDLIB_H 1
| #define HAVE_STRING_H 1
| #define HAVE_MEMORY_H 1
| #define HAVE_STRINGS_H 1
| #define HAVE_INTTYPES_H 1
| #define HAVE_STDINT_H 1
| #define HAVE_UNISTD_H 1
| #define HAVE__BOOL 1
| #define HAVE_STDBOOL_H 1
| #define HAVE_PTHREAD_PRIO_INHERIT 1
| /* end confdefs.h.  */
| #include <zlib.h>
configure:10595: result: no
configure:10595: checking for zlib.h
configure:10595: result: no
configure:10984: checking for res_nsearch
configure:11008: cc -o conftest -g -O2   conftest.c -lm  -lresolv >&5
configure:11008: $? = 0
configure:11010: result: yes
configure:11018: checking for res_ndestroy
configure:11039: cc -o conftest -g -O2   conftest.c -lm  -lresolv >&5
conftest.c: In function 'main':
conftest.c:36:7: warning: implicit declaration of function 'res_ndestroy'; did you mean 'res_nsearch'? [-Wimplicit-function-declaration]
       res_ndestroy(statep);
       ^~~~~~~~~~~~
       res_nsearch
/usr/bin/ld: /tmp/cc5G8RkQ.o: in function `main':
/usr/local/etc/php/mongodb-1.7.4/conftest.c:36: undefined reference to `res_ndestroy'
collect2: error: ld returned 1 exit status
configure:11039: $? = 1
configure: failed program was:
| /* confdefs.h */
| #define PACKAGE_NAME ""
| #define PACKAGE_TARNAME ""
| #define PACKAGE_VERSION ""
| #define PACKAGE_STRING ""
| #define PACKAGE_BUGREPORT ""
| #define PACKAGE_URL ""
| #define ACCEPT_ARG2 struct sockaddr
| #define ACCEPT_ARG3 socklen_t
| #define HAVE_TYPEOF 1
| #define STDC_HEADERS 1
| #define HAVE_SYS_TYPES_H 1
| #define HAVE_SYS_STAT_H 1
| #define HAVE_STDLIB_H 1
| #define HAVE_STRING_H 1
| #define HAVE_MEMORY_H 1
| #define HAVE_STRINGS_H 1
| #define HAVE_INTTYPES_H 1
| #define HAVE_STDINT_H 1
| #define HAVE_UNISTD_H 1
| #define HAVE__BOOL 1
| #define HAVE_STDBOOL_H 1
| #define HAVE_PTHREAD_PRIO_INHERIT 1
| /* end confdefs.h.  */
| 
|       #include <sys/types.h>
|       #include <netinet/in.h>
|       #include <arpa/nameser.h>
|       #include <resolv.h>
| 
| int
| main ()
| {
| 
|       res_state statep;
|       res_ndestroy(statep);
| 
|   ;
|   return 0;
| }
configure:11050: result: no
configure:11054: checking for res_nclose
configure:11075: cc -o conftest -g -O2   conftest.c -lm  -lresolv >&5
configure:11075: $? = 0
configure:11077: result: yes
configure:11189: checking whether to enable SASL for Kerberos authentication
configure:11204: result: auto
configure:11216: checking for PHP_MONGODB_SASL
configure:11223: $PKG_CONFIG --exists --print-errors "libsasl2"
Package libsasl2 was not found in the pkg-config search path.
Perhaps you should add the directory containing `libsasl2.pc'
to the PKG_CONFIG_PATH environment variable
No package 'libsasl2' found
configure:11226: $? = 1
configure:11240: $PKG_CONFIG --exists --print-errors "libsasl2"
Package libsasl2 was not found in the pkg-config search path.
Perhaps you should add the directory containing `libsasl2.pc'
to the PKG_CONFIG_PATH environment variable
No package 'libsasl2' found
configure:11243: $? = 1
configure:11257: result: no
No package 'libsasl2' found
configure:11379: checking for sasl_client_init in -lsasl2
configure:11404: cc -o conftest -g -O2   conftest.c -lsasl2  -lm  >&5
/usr/bin/ld: cannot find -lsasl2
collect2: error: ld returned 1 exit status
configure:11404: $? = 1
configure: failed program was:
| /* confdefs.h */
| #define PACKAGE_NAME ""
| #define PACKAGE_TARNAME ""
| #define PACKAGE_VERSION ""
| #define PACKAGE_STRING ""
| #define PACKAGE_BUGREPORT ""
| #define PACKAGE_URL ""
| #define ACCEPT_ARG2 struct sockaddr
| #define ACCEPT_ARG3 socklen_t
| #define HAVE_TYPEOF 1
| #define STDC_HEADERS 1
| #define HAVE_SYS_TYPES_H 1
| #define HAVE_SYS_STAT_H 1
| #define HAVE_STDLIB_H 1
| #define HAVE_STRING_H 1
| #define HAVE_MEMORY_H 1
| #define HAVE_STRINGS_H 1
| #define HAVE_INTTYPES_H 1
| #define HAVE_STDINT_H 1
| #define HAVE_UNISTD_H 1
| #define HAVE__BOOL 1
| #define HAVE_STDBOOL_H 1
| #define HAVE_PTHREAD_PRIO_INHERIT 1
| /* end confdefs.h.  */
| 
| /* Override any GCC internal prototype to avoid an error.
|    Use char because int might match the return type of a GCC
|    builtin and then its argument prototype would still apply.  */
| #ifdef __cplusplus
| extern "C"
| #endif
| char sasl_client_init ();
| int
| main ()
| {
| return sasl_client_init ();
|   ;
|   return 0;
| }
configure:11413: result: no
configure:11431: checking sasl/sasl.h usability
configure:11431: cc -c -g -O2  conftest.c >&5
conftest.c:58:10: fatal error: sasl/sasl.h: No such file or directory
 #include <sasl/sasl.h>
          ^~~~~~~~~~~~~
compilation terminated.
configure:11431: $? = 1
configure: failed program was:
| /* confdefs.h */
| #define PACKAGE_NAME ""
| #define PACKAGE_TARNAME ""
| #define PACKAGE_VERSION ""
| #define PACKAGE_STRING ""
| #define PACKAGE_BUGREPORT ""
| #define PACKAGE_URL ""
| #define ACCEPT_ARG2 struct sockaddr
| #define ACCEPT_ARG3 socklen_t
| #define HAVE_TYPEOF 1
| #define STDC_HEADERS 1
| #define HAVE_SYS_TYPES_H 1
| #define HAVE_SYS_STAT_H 1
| #define HAVE_STDLIB_H 1
| #define HAVE_STRING_H 1
| #define HAVE_MEMORY_H 1
| #define HAVE_STRINGS_H 1
| #define HAVE_INTTYPES_H 1
| #define HAVE_STDINT_H 1
| #define HAVE_UNISTD_H 1
| #define HAVE__BOOL 1
| #define HAVE_STDBOOL_H 1
| #define HAVE_PTHREAD_PRIO_INHERIT 1
| /* end confdefs.h.  */
| #include <stdio.h>
| #ifdef HAVE_SYS_TYPES_H
| # include <sys/types.h>
| #endif
| #ifdef HAVE_SYS_STAT_H
| # include <sys/stat.h>
| #endif
| #ifdef STDC_HEADERS
| # include <stdlib.h>
| # include <stddef.h>
| #else
| # ifdef HAVE_STDLIB_H
| #  include <stdlib.h>
| # endif
| #endif
| #ifdef HAVE_STRING_H
| # if !defined STDC_HEADERS && defined HAVE_MEMORY_H
| #  include <memory.h>
| # endif
| # include <string.h>
| #endif
| #ifdef HAVE_STRINGS_H
| # include <strings.h>
| #endif
| #ifdef HAVE_INTTYPES_H
| # include <inttypes.h>
| #endif
| #ifdef HAVE_STDINT_H
| # include <stdint.h>
| #endif
| #ifdef HAVE_UNISTD_H
| # include <unistd.h>
| #endif
| #include <sasl/sasl.h>
configure:11431: result: no
configure:11431: checking sasl/sasl.h presence
configure:11431: cc -E  conftest.c
conftest.c:25:10: fatal error: sasl/sasl.h: No such file or directory
 #include <sasl/sasl.h>
          ^~~~~~~~~~~~~
compilation terminated.
configure:11431: $? = 1
configure: failed program was:
| /* confdefs.h */
| #define PACKAGE_NAME ""
| #define PACKAGE_TARNAME ""
| #define PACKAGE_VERSION ""
| #define PACKAGE_STRING ""
| #define PACKAGE_BUGREPORT ""
| #define PACKAGE_URL ""
| #define ACCEPT_ARG2 struct sockaddr
| #define ACCEPT_ARG3 socklen_t
| #define HAVE_TYPEOF 1
| #define STDC_HEADERS 1
| #define HAVE_SYS_TYPES_H 1
| #define HAVE_SYS_STAT_H 1
| #define HAVE_STDLIB_H 1
| #define HAVE_STRING_H 1
| #define HAVE_MEMORY_H 1
| #define HAVE_STRINGS_H 1
| #define HAVE_INTTYPES_H 1
| #define HAVE_STDINT_H 1
| #define HAVE_UNISTD_H 1
| #define HAVE__BOOL 1
| #define HAVE_STDBOOL_H 1
| #define HAVE_PTHREAD_PRIO_INHERIT 1
| /* end confdefs.h.  */
| #include <sasl/sasl.h>
configure:11431: result: no
configure:11431: checking for sasl/sasl.h
configure:11431: result: no
configure:11953: checking which SASL library to use
configure:11955: result: no
configure:11990: checking whether to enable crypto and TLS
configure:12005: result: auto
configure:12014: checking deprecated option for OpenSSL library path
configure:12029: result: auto
configure:12096: checking whether OpenSSL is available
configure:12102: checking for PHP_MONGODB_SSL
configure:12109: $PKG_CONFIG --exists --print-errors "openssl"
Package openssl was not found in the pkg-config search path.
Perhaps you should add the directory containing `openssl.pc'
to the PKG_CONFIG_PATH environment variable
No package 'openssl' found
configure:12112: $? = 1
configure:12126: $PKG_CONFIG --exists --print-errors "openssl"
Package openssl was not found in the pkg-config search path.
Perhaps you should add the directory containing `openssl.pc'
to the PKG_CONFIG_PATH environment variable
No package 'openssl' found
configure:12129: $? = 1
configure:12143: result: no
No package 'openssl' found
configure:12286: checking for EVP_DigestInit_ex in -lcrypto
configure:12311: cc -o conftest -g -O2   conftest.c -lcrypto  -lm  >&5
/usr/bin/ld: cannot find -lcrypto
collect2: error: ld returned 1 exit status
configure:12311: $? = 1
configure: failed program was:
| /* confdefs.h */
| #define PACKAGE_NAME ""
| #define PACKAGE_TARNAME ""
| #define PACKAGE_VERSION ""
| #define PACKAGE_STRING ""
| #define PACKAGE_BUGREPORT ""
| #define PACKAGE_URL ""
| #define ACCEPT_ARG2 struct sockaddr
| #define ACCEPT_ARG3 socklen_t
| #define HAVE_TYPEOF 1
| #define STDC_HEADERS 1
| #define HAVE_SYS_TYPES_H 1
| #define HAVE_SYS_STAT_H 1
| #define HAVE_STDLIB_H 1
| #define HAVE_STRING_H 1
| #define HAVE_MEMORY_H 1
| #define HAVE_STRINGS_H 1
| #define HAVE_INTTYPES_H 1
| #define HAVE_STDINT_H 1
| #define HAVE_UNISTD_H 1
| #define HAVE__BOOL 1
| #define HAVE_STDBOOL_H 1
| #define HAVE_PTHREAD_PRIO_INHERIT 1
| /* end confdefs.h.  */
| 
| /* Override any GCC internal prototype to avoid an error.
|    Use char because int might match the return type of a GCC
|    builtin and then its argument prototype would still apply.  */
| #ifdef __cplusplus
| extern "C"
| #endif
| char EVP_DigestInit_ex ();
| int
| main ()
| {
| return EVP_DigestInit_ex ();
|   ;
|   return 0;
| }
configure:12320: result: no
configure:12339: checking whether OpenSSL >= 1.1.0 is available
configure:12446: checking for OPENSSL_init_ssl in -lssl
configure:12471: cc -o conftest -g -O2   -lcrypto conftest.c -lssl  -lm  >&5
/usr/bin/ld: cannot find -lcrypto
/usr/bin/ld: cannot find -lssl
collect2: error: ld returned 1 exit status
configure:12471: $? = 1
configure: failed program was:
| /* confdefs.h */
| #define PACKAGE_NAME ""
| #define PACKAGE_TARNAME ""
| #define PACKAGE_VERSION ""
| #define PACKAGE_STRING ""
| #define PACKAGE_BUGREPORT ""
| #define PACKAGE_URL ""
| #define ACCEPT_ARG2 struct sockaddr
| #define ACCEPT_ARG3 socklen_t
| #define HAVE_TYPEOF 1
| #define STDC_HEADERS 1
| #define HAVE_SYS_TYPES_H 1
| #define HAVE_SYS_STAT_H 1
| #define HAVE_STDLIB_H 1
| #define HAVE_STRING_H 1
| #define HAVE_MEMORY_H 1
| #define HAVE_STRINGS_H 1
| #define HAVE_INTTYPES_H 1
| #define HAVE_STDINT_H 1
| #define HAVE_UNISTD_H 1
| #define HAVE__BOOL 1
| #define HAVE_STDBOOL_H 1
| #define HAVE_PTHREAD_PRIO_INHERIT 1
| /* end confdefs.h.  */
| 
| /* Override any GCC internal prototype to avoid an error.
|    Use char because int might match the return type of a GCC
|    builtin and then its argument prototype would still apply.  */
| #ifdef __cplusplus
| extern "C"
| #endif
| char OPENSSL_init_ssl ();
| int
| main ()
| {
| return OPENSSL_init_ssl ();
|   ;
|   return 0;
| }
configure:12480: result: no
configure:12499: checking whether OpenSSL < 1.1.0 is available
configure:12606: checking for SSL_library_init in -lssl
configure:12631: cc -o conftest -g -O2   -lcrypto conftest.c -lssl  -lm  >&5
/usr/bin/ld: cannot find -lcrypto
/usr/bin/ld: cannot find -lssl
collect2: error: ld returned 1 exit status
configure:12631: $? = 1
configure: failed program was:
| /* confdefs.h */
| #define PACKAGE_NAME ""
| #define PACKAGE_TARNAME ""
| #define PACKAGE_VERSION ""
| #define PACKAGE_STRING ""
| #define PACKAGE_BUGREPORT ""
| #define PACKAGE_URL ""
| #define ACCEPT_ARG2 struct sockaddr
| #define ACCEPT_ARG3 socklen_t
| #define HAVE_TYPEOF 1
| #define STDC_HEADERS 1
| #define HAVE_SYS_TYPES_H 1
| #define HAVE_SYS_STAT_H 1
| #define HAVE_STDLIB_H 1
| #define HAVE_STRING_H 1
| #define HAVE_MEMORY_H 1
| #define HAVE_STRINGS_H 1
| #define HAVE_INTTYPES_H 1
| #define HAVE_STDINT_H 1
| #define HAVE_UNISTD_H 1
| #define HAVE__BOOL 1
| #define HAVE_STDBOOL_H 1
| #define HAVE_PTHREAD_PRIO_INHERIT 1
| /* end confdefs.h.  */
| 
| /* Override any GCC internal prototype to avoid an error.
|    Use char because int might match the return type of a GCC
|    builtin and then its argument prototype would still apply.  */
| #ifdef __cplusplus
| extern "C"
| #endif
| char SSL_library_init ();
| int
| main ()
| {
| return SSL_library_init ();
|   ;
|   return 0;
| }
configure:12640: result: no
configure:13604: checking whether LibreSSL is available
configure:13610: checking for PHP_MONGODB_SSL
configure:13617: $PKG_CONFIG --exists --print-errors "libtls libcrypto"
Package libtls was not found in the pkg-config search path.
Perhaps you should add the directory containing `libtls.pc'
to the PKG_CONFIG_PATH environment variable
No package 'libtls' found
Package libcrypto was not found in the pkg-config search path.
Perhaps you should add the directory containing `libcrypto.pc'
to the PKG_CONFIG_PATH environment variable
No package 'libcrypto' found
configure:13620: $? = 1
configure:13634: $PKG_CONFIG --exists --print-errors "libtls libcrypto"
Package libtls was not found in the pkg-config search path.
Perhaps you should add the directory containing `libtls.pc'
to the PKG_CONFIG_PATH environment variable
No package 'libtls' found
Package libcrypto was not found in the pkg-config search path.
Perhaps you should add the directory containing `libcrypto.pc'
to the PKG_CONFIG_PATH environment variable
No package 'libcrypto' found
configure:13637: $? = 1
configure:13651: result: no
No package 'libtls' found
No package 'libcrypto' found
configure:13773: checking for EVP_DigestInit_ex in -lcrypto
configure:13798: cc -o conftest -g -O2   conftest.c -lcrypto  -lm  >&5
/usr/bin/ld: cannot find -lcrypto
collect2: error: ld returned 1 exit status
configure:13798: $? = 1
configure: failed program was:
| /* confdefs.h */
| #define PACKAGE_NAME ""
| #define PACKAGE_TARNAME ""
| #define PACKAGE_VERSION ""
| #define PACKAGE_STRING ""
| #define PACKAGE_BUGREPORT ""
| #define PACKAGE_URL ""
| #define ACCEPT_ARG2 struct sockaddr
| #define ACCEPT_ARG3 socklen_t
| #define HAVE_TYPEOF 1
| #define STDC_HEADERS 1
| #define HAVE_SYS_TYPES_H 1
| #define HAVE_SYS_STAT_H 1
| #define HAVE_STDLIB_H 1
| #define HAVE_STRING_H 1
| #define HAVE_MEMORY_H 1
| #define HAVE_STRINGS_H 1
| #define HAVE_INTTYPES_H 1
| #define HAVE_STDINT_H 1
| #define HAVE_UNISTD_H 1
| #define HAVE__BOOL 1
| #define HAVE_STDBOOL_H 1
| #define HAVE_PTHREAD_PRIO_INHERIT 1
| /* end confdefs.h.  */
| 
| /* Override any GCC internal prototype to avoid an error.
|    Use char because int might match the return type of a GCC
|    builtin and then its argument prototype would still apply.  */
| #ifdef __cplusplus
| extern "C"
| #endif
| char EVP_DigestInit_ex ();
| int
| main ()
| {
| return EVP_DigestInit_ex ();
|   ;
|   return 0;
| }
configure:13807: result: no
configure:13929: checking for tls_init in -ltls
configure:13954: cc -o conftest -g -O2   -lcrypto conftest.c -ltls  -lm  >&5
/usr/bin/ld: cannot find -lcrypto
/usr/bin/ld: cannot find -ltls
collect2: error: ld returned 1 exit status
configure:13954: $? = 1
configure: failed program was:
| /* confdefs.h */
| #define PACKAGE_NAME ""
| #define PACKAGE_TARNAME ""
| #define PACKAGE_VERSION ""
| #define PACKAGE_STRING ""
| #define PACKAGE_BUGREPORT ""
| #define PACKAGE_URL ""
| #define ACCEPT_ARG2 struct sockaddr
| #define ACCEPT_ARG3 socklen_t
| #define HAVE_TYPEOF 1
| #define STDC_HEADERS 1
| #define HAVE_SYS_TYPES_H 1
| #define HAVE_SYS_STAT_H 1
| #define HAVE_STDLIB_H 1
| #define HAVE_STRING_H 1
| #define HAVE_MEMORY_H 1
| #define HAVE_STRINGS_H 1
| #define HAVE_INTTYPES_H 1
| #define HAVE_STDINT_H 1
| #define HAVE_UNISTD_H 1
| #define HAVE__BOOL 1
| #define HAVE_STDBOOL_H 1
| #define HAVE_PTHREAD_PRIO_INHERIT 1
| /* end confdefs.h.  */
| 
| /* Override any GCC internal prototype to avoid an error.
|    Use char because int might match the return type of a GCC
|    builtin and then its argument prototype would still apply.  */
| #ifdef __cplusplus
| extern "C"
| #endif
| char tls_init ();
| int
| main ()
| {
| return tls_init ();
|   ;
|   return 0;
| }
configure:13963: result: no
configure:14526: checking which TLS library to use
configure:14528: result: no
configure:14603: checking whether to use system crypto profile
configure:14617: result: no
configure:14626: checking deprecated option for whether to use system crypto profile
configure:14641: result: no
configure:14665: checking whether to enable ICU for SASLPrep with SCRAM-SHA-256 authentication
configure:14680: result: auto
configure:14692: checking for PHP_MONGODB_ICU
configure:14699: $PKG_CONFIG --exists --print-errors "icu-uc"
Package icu-uc was not found in the pkg-config search path.
Perhaps you should add the directory containing `icu-uc.pc'
to the PKG_CONFIG_PATH environment variable
No package 'icu-uc' found
configure:14702: $? = 1
configure:14716: $PKG_CONFIG --exists --print-errors "icu-uc"
Package icu-uc was not found in the pkg-config search path.
Perhaps you should add the directory containing `icu-uc.pc'
to the PKG_CONFIG_PATH environment variable
No package 'icu-uc' found
configure:14719: $? = 1
configure:14733: result: no
No package 'icu-uc' found
configure:14953: checking for shm_open
configure:14953: cc -o conftest -g -O2   conftest.c -lm  >&5
/usr/bin/ld: /tmp/cc34MKE9.o: in function `main':
/usr/local/etc/php/mongodb-1.7.4/conftest.c:59: undefined reference to `shm_open'
collect2: error: ld returned 1 exit status
configure:14953: $? = 1
configure: failed program was:
| /* confdefs.h */
| #define PACKAGE_NAME ""
| #define PACKAGE_TARNAME ""
| #define PACKAGE_VERSION ""
| #define PACKAGE_STRING ""
| #define PACKAGE_BUGREPORT ""
| #define PACKAGE_URL ""
| #define ACCEPT_ARG2 struct sockaddr
| #define ACCEPT_ARG3 socklen_t
| #define HAVE_TYPEOF 1
| #define STDC_HEADERS 1
| #define HAVE_SYS_TYPES_H 1
| #define HAVE_SYS_STAT_H 1
| #define HAVE_STDLIB_H 1
| #define HAVE_STRING_H 1
| #define HAVE_MEMORY_H 1
| #define HAVE_STRINGS_H 1
| #define HAVE_INTTYPES_H 1
| #define HAVE_STDINT_H 1
| #define HAVE_UNISTD_H 1
| #define HAVE__BOOL 1
| #define HAVE_STDBOOL_H 1
| #define HAVE_PTHREAD_PRIO_INHERIT 1
| /* end confdefs.h.  */
| /* Define shm_open to an innocuous variant, in case <limits.h> declares shm_open.
|    For example, HP-UX 11i <limits.h> declares gettimeofday.  */
| #define shm_open innocuous_shm_open
| 
| /* System header to define __stub macros and hopefully few prototypes,
|     which can conflict with char shm_open (); below.
|     Prefer <limits.h> to <assert.h> if __STDC__ is defined, since
|     <limits.h> exists even on freestanding compilers.  */
| 
| #ifdef __STDC__
| # include <limits.h>
| #else
| # include <assert.h>
| #endif
| 
| #undef shm_open
| 
| /* Override any GCC internal prototype to avoid an error.
|    Use char because int might match the return type of a GCC
|    builtin and then its argument prototype would still apply.  */
| #ifdef __cplusplus
| extern "C"
| #endif
| char shm_open ();
| /* The GNU C library defines this for functions which it implements
|     to always fail with ENOSYS.  Some functions are actually named
|     something starting with __ and the normal name is an alias.  */
| #if defined __stub_shm_open || defined __stub___shm_open
| choke me
| #endif
| 
| int
| main ()
| {
| return shm_open ();
|   ;
|   return 0;
| }
configure:14953: result: no
configure:14961: checking for shm_open in -lrt
configure:14986: cc -o conftest -g -O2   conftest.c -lrt  -lm  >&5
configure:14986: $? = 0
configure:14995: result: yes
configure:15029: checking for sched_getcpu
configure:15029: cc -o conftest -g -O2   conftest.c -lm  >&5
configure:15029: $? = 0
configure:15029: result: yes
configure:15039: checking for socklen_t
configure:15039: cc -c -g -O2  conftest.c >&5
configure:15039: $? = 0
configure:15039: cc -c -g -O2  conftest.c >&5
conftest.c: In function 'main':
conftest.c:30:24: error: expected expression before ')' token
 if (sizeof ((socklen_t)))
                        ^
configure:15039: $? = 1
configure: failed program was:
| /* confdefs.h */
| #define PACKAGE_NAME ""
| #define PACKAGE_TARNAME ""
| #define PACKAGE_VERSION ""
| #define PACKAGE_STRING ""
| #define PACKAGE_BUGREPORT ""
| #define PACKAGE_URL ""
| #define ACCEPT_ARG2 struct sockaddr
| #define ACCEPT_ARG3 socklen_t
| #define HAVE_TYPEOF 1
| #define STDC_HEADERS 1
| #define HAVE_SYS_TYPES_H 1
| #define HAVE_SYS_STAT_H 1
| #define HAVE_STDLIB_H 1
| #define HAVE_STRING_H 1
| #define HAVE_MEMORY_H 1
| #define HAVE_STRINGS_H 1
| #define HAVE_INTTYPES_H 1
| #define HAVE_STDINT_H 1
| #define HAVE_UNISTD_H 1
| #define HAVE__BOOL 1
| #define HAVE_STDBOOL_H 1
| #define HAVE_PTHREAD_PRIO_INHERIT 1
| /* end confdefs.h.  */
| #include <sys/socket.h>
| 
| int
| main ()
| {
| if (sizeof ((socklen_t)))
| 	    return 0;
|   ;
|   return 0;
| }
configure:15039: result: yes
configure:15050: checking for struct sockaddr_storage.ss_family
configure:15050: cc -c -g -O2  conftest.c >&5
configure:15050: $? = 0
configure:15050: result: yes
configure:15086: checking for pthread_join in LIBS= with CFLAGS=-pthread
configure:15106: cc -o conftest -g -O2 -pthread   conftest.c  -lm  >&5
configure:15106: $? = 0
configure:15111: result: yes
configure:15178: checking if compiler needs -Werror to reject unknown flags
configure:15194: cc -c -g -O2 -Werror -Wunknown-warning-option -Wsizeof-array-argument  conftest.c >&5
cc: error: unrecognized command line option '-Wunknown-warning-option'
configure:15194: $? = 1
configure: failed program was:
| /* confdefs.h */
| #define PACKAGE_NAME ""
| #define PACKAGE_TARNAME ""
| #define PACKAGE_VERSION ""
| #define PACKAGE_STRING ""
| #define PACKAGE_BUGREPORT ""
| #define PACKAGE_URL ""
| #define ACCEPT_ARG2 struct sockaddr
| #define ACCEPT_ARG3 socklen_t
| #define HAVE_TYPEOF 1
| #define STDC_HEADERS 1
| #define HAVE_SYS_TYPES_H 1
| #define HAVE_SYS_STAT_H 1
| #define HAVE_STDLIB_H 1
| #define HAVE_STRING_H 1
| #define HAVE_MEMORY_H 1
| #define HAVE_STRINGS_H 1
| #define HAVE_INTTYPES_H 1
| #define HAVE_STDINT_H 1
| #define HAVE_UNISTD_H 1
| #define HAVE__BOOL 1
| #define HAVE_STDBOOL_H 1
| #define HAVE_PTHREAD_PRIO_INHERIT 1
| /* end confdefs.h.  */
| int foo(void);
| int
| main ()
| {
| foo()
|   ;
|   return 0;
| }
configure:15199: result: no
configure:15331: checking for joinable pthread attribute
configure:15346: cc -o conftest -g -O2 -pthread   conftest.c  -lm  >&5
configure:15346: $? = 0
configure:15352: result: PTHREAD_CREATE_JOINABLE
configure:15362: checking if more special flags are required for pthreads
configure:15377: result: no
configure:15383: checking for PTHREAD_PRIO_INHERIT
configure:15409: result: yes
configure:15923: checking if weak symbols are supported
configure:15940: cc -o conftest -g -O2   conftest.c -lm  >&5
configure:15940: $? = 0
configure:15941: result: yes
configure:15957: checking which crypto library to use for libmongocrypt
configure:15959: result: no
configure:15990: result: No SSL library found. Compiling without libmongocrypt. Please specify a library using the --with-mongodb-ssl option
configure:16623: checking for unistd.h
configure:16623: result: yes
configure:18053: checking for ld used by cc
configure:18120: result: /usr/bin/ld
configure:18127: checking if the linker (/usr/bin/ld) is GNU ld
configure:18142: result: yes
configure:18147: checking for /usr/bin/ld option to reload object files
configure:18154: result: -r
configure:18172: checking for BSD-compatible nm
configure:18221: result: /usr/bin/nm -B
configure:18225: checking whether ln -s works
configure:18229: result: yes
configure:18236: checking how to recognize dependent libraries
configure:18422: result: pass_all
configure:18507: cc -c -g -O2  conftest.c >&5
configure:18510: $? = 0
configure:18642: checking dlfcn.h usability
configure:18642: cc -c -g -O2  conftest.c >&5
configure:18642: $? = 0
configure:18642: result: yes
configure:18642: checking dlfcn.h presence
configure:18642: cc -E  conftest.c
configure:18642: $? = 0
configure:18642: result: yes
configure:18642: checking for dlfcn.h
configure:18642: result: yes
configure:18663: checking the maximum length of command line arguments
configure:18775: result: 1572864
configure:18787: checking command to parse /usr/bin/nm -B output from cc object
configure:18892: cc -c -g -O2  conftest.c >&5
configure:18895: $? = 0
configure:18899: /usr/bin/nm -B conftest.o \| sed -n -e 's/^.*[ 	]\([ABCDGIRSTW][ABCDGIRSTW]*\)[ 	][ 	]*\([_A-Za-z][_A-Za-z0-9]*\)$/\1 \2 \2/p' \> conftest.nm
configure:18902: $? = 0
configure:18954: cc -o conftest -g -O2   conftest.c conftstm.o >&5
configure:18957: $? = 0
configure:18995: result: ok
configure:18999: checking for objdir
configure:19014: result: .libs
configure:19106: checking for ar
configure:19122: found /usr/bin/ar
configure:19133: result: ar
configure:19198: checking for ranlib
configure:19214: found /usr/bin/ranlib
configure:19225: result: ranlib
configure:19290: checking for strip
configure:19306: found /usr/bin/strip
configure:19317: result: strip
configure:19886: checking if cc supports -fno-rtti -fno-exceptions
configure:19935: cc -c -g -O2  -fno-rtti -fno-exceptions conftest.c >&5
cc1: warning: command line option '-fno-rtti' is valid for C++/ObjC++ but not for C
configure:19939: $? = 0
configure:19921: result: no
configure:19911: checking for cc option to produce PIC
configure:20151: result: -fPIC
configure:20159: checking if cc PIC flag -fPIC works
configure:20233: cc -c -g -O2  -fPIC -DPIC conftest.c >&5
configure:20237: $? = 0
configure:20194: result: yes
configure:20193: checking if cc static flag -static works
configure:20221: result: yes
configure:20231: checking if cc supports -c -o file.o
configure:20337: cc -c -g -O2  -o out/conftest2.o conftest.c >&5
configure:20341: $? = 0
configure:20254: result: yes
configure:20280: checking whether the cc linker (/usr/bin/ld -m elf_x86_64) supports shared libraries
configure:21208: result: yes
configure:21229: checking whether -lc should be explicitly linked in
configure:21234: cc -c -g -O2  conftest.c >&5
configure:21237: $? = 0
configure:21252: cc -shared conftest.o  -v -Wl,-soname -Wl,conftest -o conftest 2\>\&1 \| grep  -lc  \>/dev/null 2\>\&1
configure:21255: $? = 0
configure:21267: result: no
configure:21275: checking dynamic linker characteristics
configure:21873: result: GNU/Linux ld.so
configure:21897: checking how to hardcode library paths into programs
configure:21922: result: immediate
configure:21936: checking whether stripping libraries is possible
configure:21941: result: yes
configure:22458: checking if libtool supports shared libraries
configure:22460: result: yes
configure:22463: checking whether to build shared libraries
configure:22484: result: yes
configure:22487: checking whether to build static libraries
configure:22491: result: no
configure:22586: result:
creating libtool
configure:23177: checking for ld used by g++
configure:23244: result: /usr/bin/ld -m elf_x86_64
configure:23251: checking if the linker (/usr/bin/ld -m elf_x86_64) is GNU ld
configure:23266: result: yes
configure:23317: checking whether the g++ linker (/usr/bin/ld -m elf_x86_64) supports shared libraries
configure:24215: result: yes
configure:24236: g++ -c   conftest.cpp >&5
configure:24239: $? = 0
configure:24395: checking for g++ option to produce PIC
configure:24685: result: -fPIC
configure:24693: checking if g++ PIC flag -fPIC works
configure:24820: g++ -c   -fPIC -DPIC conftest.cpp >&5
configure:24824: $? = 0
configure:24728: result: yes
configure:24756: checking if g++ static flag -static works
configure:24784: result: yes
configure:24794: checking if g++ supports -c -o file.o
configure:24924: g++ -c   -o out/conftest2.o conftest.cpp >&5
configure:24928: $? = 0
configure:24841: result: yes
configure:24867: checking whether the g++ linker (/usr/bin/ld -m elf_x86_64) supports shared libraries
configure:24893: result: yes
configure:24960: checking dynamic linker characteristics
configure:25506: result: GNU/Linux ld.so
configure:25530: checking how to hardcode library paths into programs
configure:25555: result: immediate
configure:26277: creating ./config.status

## ---------------------- ##
## Running config.status. ##
## ---------------------- ##

This file was extended by config.status, which was
generated by GNU Autoconf 2.69.  Invocation command line was

  CONFIG_FILES    = 
  CONFIG_HEADERS  = 
  CONFIG_LINKS    = 
  CONFIG_COMMANDS = 
  $ ./config.status 

on e8763d129451

config.status:932: creating /usr/local/etc/php/mongodb-1.7.4/src/libmongoc/src/libbson/src/bson/bson-config.h
config.status:932: creating /usr/local/etc/php/mongodb-1.7.4/src/libmongoc/src/libbson/src/bson/bson-version.h
config.status:932: creating /usr/local/etc/php/mongodb-1.7.4/src/libmongoc/src/libmongoc/src/mongoc/mongoc-config.h
config.status:932: creating /usr/local/etc/php/mongodb-1.7.4/src/libmongoc/src/libmongoc/src/mongoc/mongoc-version.h
config.status:932: creating /usr/local/etc/php/mongodb-1.7.4/src/libmongoc/src/zlib-1.2.11/zconf.h
config.status:932: creating config.h

## ---------------- ##
## Cache variables. ##
## ---------------- ##

ac_cv_build=x86_64-unknown-linux-gnu
ac_cv_c_bigendian=no
ac_cv_c_compiler_gnu=yes
ac_cv_c_const=yes
ac_cv_c_inline=inline
ac_cv_c_typeof=typeof
ac_cv_cxx_compiler_gnu=yes
ac_cv_env_CCC_set=
ac_cv_env_CCC_value=
ac_cv_env_CC_set=
ac_cv_env_CC_value=
ac_cv_env_CFLAGS_set=
ac_cv_env_CFLAGS_value=
ac_cv_env_CPPFLAGS_set=
ac_cv_env_CPPFLAGS_value=
ac_cv_env_CPP_set=
ac_cv_env_CPP_value=
ac_cv_env_CXXFLAGS_set=
ac_cv_env_CXXFLAGS_value=
ac_cv_env_CXX_set=
ac_cv_env_CXX_value=
ac_cv_env_LDFLAGS_set=
ac_cv_env_LDFLAGS_value=
ac_cv_env_LIBS_set=
ac_cv_env_LIBS_value=
ac_cv_env_PHP_MONGODB_ICU_CFLAGS_set=
ac_cv_env_PHP_MONGODB_ICU_CFLAGS_value=
ac_cv_env_PHP_MONGODB_ICU_LIBS_set=
ac_cv_env_PHP_MONGODB_ICU_LIBS_value=
ac_cv_env_PHP_MONGODB_SASL_CFLAGS_set=
ac_cv_env_PHP_MONGODB_SASL_CFLAGS_value=
ac_cv_env_PHP_MONGODB_SASL_LIBS_set=
ac_cv_env_PHP_MONGODB_SASL_LIBS_value=
ac_cv_env_PHP_MONGODB_SNAPPY_CFLAGS_set=
ac_cv_env_PHP_MONGODB_SNAPPY_CFLAGS_value=
ac_cv_env_PHP_MONGODB_SNAPPY_LIBS_set=
ac_cv_env_PHP_MONGODB_SNAPPY_LIBS_value=
ac_cv_env_PHP_MONGODB_SSL_CFLAGS_set=
ac_cv_env_PHP_MONGODB_SSL_CFLAGS_value=
ac_cv_env_PHP_MONGODB_SSL_LIBS_set=
ac_cv_env_PHP_MONGODB_SSL_LIBS_value=
ac_cv_env_PHP_MONGODB_ZLIB_CFLAGS_set=
ac_cv_env_PHP_MONGODB_ZLIB_CFLAGS_value=
ac_cv_env_PHP_MONGODB_ZLIB_LIBS_set=
ac_cv_env_PHP_MONGODB_ZLIB_LIBS_value=
ac_cv_env_PKG_CONFIG_LIBDIR_set=
ac_cv_env_PKG_CONFIG_LIBDIR_value=
ac_cv_env_PKG_CONFIG_PATH_set=
ac_cv_env_PKG_CONFIG_PATH_value=
ac_cv_env_PKG_CONFIG_set=
ac_cv_env_PKG_CONFIG_value=
ac_cv_env_build_alias_set=
ac_cv_env_build_alias_value=
ac_cv_env_host_alias_set=
ac_cv_env_host_alias_value=
ac_cv_env_target_alias_set=
ac_cv_env_target_alias_value=
ac_cv_func_gmtime_r=yes
ac_cv_func_rand_r=yes
ac_cv_func_sched_getcpu=yes
ac_cv_func_shm_open=no
ac_cv_func_snprintf=yes
ac_cv_func_strlcpy=no
ac_cv_header_dlfcn_h=yes
ac_cv_header_inttypes_h=yes
ac_cv_header_memory_h=yes
ac_cv_header_sasl_sasl_h=no
ac_cv_header_snappy_c_h=no
ac_cv_header_stdbool_h=yes
ac_cv_header_stdc=yes
ac_cv_header_stdint_h=yes
ac_cv_header_stdlib_h=yes
ac_cv_header_string_h=yes
ac_cv_header_strings_h=yes
ac_cv_header_sys_stat_h=yes
ac_cv_header_sys_types_h=yes
ac_cv_header_unistd_h=yes
ac_cv_header_zlib_h=no
ac_cv_host=x86_64-unknown-linux-gnu
ac_cv_lib_rt_shm_open=yes
ac_cv_member_struct_sockaddr_storage_ss_family=yes
ac_cv_objext=o
ac_cv_path_EGREP='/bin/grep -E'
ac_cv_path_GREP=/bin/grep
ac_cv_path_ac_pt_PKG_CONFIG=/usr/bin/pkg-config
ac_cv_prog_AWK=nawk
ac_cv_prog_CPP='cc -E'
ac_cv_prog_RE2C=re2c
ac_cv_prog_ac_ct_AR=ar
ac_cv_prog_ac_ct_CC=cc
ac_cv_prog_ac_ct_CXX=g++
ac_cv_prog_ac_ct_RANLIB=ranlib
ac_cv_prog_ac_ct_STRIP=strip
ac_cv_prog_cc_c89=
ac_cv_prog_cc_cc_c_o=yes
ac_cv_prog_cc_g=yes
ac_cv_prog_cxx_g=yes
ac_cv_search_clock_gettime='none required'
ac_cv_search_floor=-lm
ac_cv_target=x86_64-unknown-linux-gnu
ac_cv_type__Bool=yes
ac_cv_type_socklen_t=yes
ac_cv_type_struct_timespec=yes
ax_cv_PTHREAD_PRIO_INHERIT=yes
bson_cv_have_reallocf=no
bson_cv_have_strnlen=yes
bson_cv_have_sys_gettid_tid=yes
bson_cv_have_syscall_tid=yes
bson_cv_need_braces_on_pthread_once_init=no
lt_cv_deplibs_check_method=pass_all
lt_cv_file_magic_cmd='$MAGIC_CMD'
lt_cv_file_magic_test_file=
lt_cv_ld_reload_flag=-r
lt_cv_objdir=.libs
lt_cv_path_LD=/usr/bin/ld
lt_cv_path_LDCXX='/usr/bin/ld -m elf_x86_64'
lt_cv_path_NM='/usr/bin/nm -B'
lt_cv_path_SED=/bin/sed
lt_cv_prog_compiler_c_o=yes
lt_cv_prog_compiler_c_o_CXX=yes
lt_cv_prog_compiler_pic_works=yes
lt_cv_prog_compiler_pic_works_CXX=yes
lt_cv_prog_compiler_rtti_exceptions=no
lt_cv_prog_compiler_static_works=yes
lt_cv_prog_compiler_static_works_CXX=yes
lt_cv_prog_gnu_ld=yes
lt_cv_prog_gnu_ldcxx=yes
lt_cv_sys_global_symbol_pipe='sed -n -e '\''s/^.*[ 	]\([ABCDGIRSTW][ABCDGIRSTW]*\)[ 	][ 	]*\([_A-Za-z][_A-Za-z0-9]*\)$/\1 \2 \2/p'\'''
lt_cv_sys_global_symbol_to_c_name_address='sed -n -e '\''s/^: \([^ ]*\) $/  {\"\1\", (lt_ptr) 0},/p'\'' -e '\''s/^[BCDEGRST] \([^ ]*\) \([^ ]*\)$/  {"\2", (lt_ptr) \&\2},/p'\'''
lt_cv_sys_global_symbol_to_cdecl='sed -n -e '\''s/^. .* \(.*\)$/extern int \1;/p'\'''
lt_cv_sys_lib_dlsearch_path_spec='/lib /usr/lib /usr/local/lib /usr/local/lib/x86_64-linux-gnu /lib/x86_64-linux-gnu /usr/lib/x86_64-linux-gnu '
lt_cv_sys_lib_search_path_spec='/usr/lib/gcc/x86_64-linux-gnu/8 /usr/lib/x86_64-linux-gnu /usr/lib /lib/x86_64-linux-gnu /lib'
lt_cv_sys_max_cmd_len=1572864
lt_lt_cv_prog_compiler_c_o='"yes"'
lt_lt_cv_prog_compiler_c_o_CXX='"yes"'
lt_lt_cv_sys_global_symbol_pipe='"sed -n -e '\''s/^.*[ 	]\\([ABCDGIRSTW][ABCDGIRSTW]*\\)[ 	][ 	]*\\([_A-Za-z][_A-Za-z0-9]*\\)\$/\\1 \\2 \\2/p'\''"'
lt_lt_cv_sys_global_symbol_to_c_name_address='"sed -n -e '\''s/^: \\([^ ]*\\) \$/  {\\\"\\1\\\", (lt_ptr) 0},/p'\'' -e '\''s/^[BCDEGRST] \\([^ ]*\\) \\([^ ]*\\)\$/  {\"\\2\", (lt_ptr) \\&\\2},/p'\''"'
lt_lt_cv_sys_global_symbol_to_cdecl='"sed -n -e '\''s/^. .* \\(.*\\)\$/extern int \\1;/p'\''"'
php_cv_cc_dashr=no
php_cv_cc_rpath=yes
php_cv_re2c_version='1.1.1 (ok)'

## ----------------- ##
## Output variables. ##
## ----------------- ##

ACCEPT_ARG2='struct sockaddr'
ACCEPT_ARG3='socklen_t'
AR='ar'
AWK='nawk'
BSON_BYTE_ORDER='1234'
BSON_EXTRA_ALIGN='0'
BSON_HAVE_ATOMIC_32_ADD_AND_FETCH='1'
BSON_HAVE_ATOMIC_64_ADD_AND_FETCH='1'
BSON_HAVE_CLOCK_GETTIME='1'
BSON_HAVE_GMTIME_R='1'
BSON_HAVE_RAND_R='1'
BSON_HAVE_REALLOCF='0'
BSON_HAVE_SNPRINTF='1'
BSON_HAVE_STDBOOL_H='1'
BSON_HAVE_STRINGS_H='1'
BSON_HAVE_STRLCPY='0'
BSON_HAVE_STRNLEN='1'
BSON_HAVE_SYSCALL_TID='1'
BSON_HAVE_TIMESPEC='1'
BSON_MAJOR_VERSION='1'
BSON_MICRO_VERSION='2'
BSON_MINOR_VERSION='16'
BSON_OS='1'
BSON_PRERELEASE_VERSION=''
BSON_PTHREAD_ONCE_INIT_NEEDS_BRACES='0'
BSON_VERSION='1.16.2'
CC='cc'
CFLAGS='-g -O2'
CONFIGURE_COMMAND=' '\''./configure'\''  '\''--with-php-config=/usr/local/bin/php-config'\'''
CONFIGURE_OPTIONS=' '\''--with-php-config=/usr/local/bin/php-config'\'''
CPP='cc -E'
CPPFLAGS=' -DHAVE_CONFIG_H'
CXX='g++'
CXXFLAGS=''
DEFS='-DHAVE_CONFIG_H'
DSYMUTIL=''
ECHO='echo'
ECHO_C=''
ECHO_N='-n'
ECHO_T=''
EGREP='/bin/grep -E'
EXEEXT=''
GREP='/bin/grep'
LDFLAGS=''
LIBC_FEATURES='-D_GNU_SOURCE'
LIBOBJS=''
LIBS='-lm '
LIBTOOL='$(SHELL) $(top_builddir)/libtool'
LN_S='ln -s'
LTLIBOBJS=''
MONGOCRYPT_BUILD_VERSION=''
MONGOCRYPT_ENABLE_CRYPTO=''
MONGOCRYPT_ENABLE_CRYPTO_CNG='0'
MONGOCRYPT_ENABLE_CRYPTO_COMMON_CRYPTO=''
MONGOCRYPT_ENABLE_CRYPTO_LIBCRYPTO=''
MONGOCRYPT_ENABLE_TRACE=''
MONGOC_CC='cc'
MONGOC_ENABLE_CLIENT_SIDE_ENCRYPTION='0'
MONGOC_ENABLE_COMPRESSION='1'
MONGOC_ENABLE_COMPRESSION_SNAPPY='0'
MONGOC_ENABLE_COMPRESSION_ZLIB='1'
MONGOC_ENABLE_COMPRESSION_ZSTD='0'
MONGOC_ENABLE_CRYPTO='0'
MONGOC_ENABLE_CRYPTO_CNG='0'
MONGOC_ENABLE_CRYPTO_COMMON_CRYPTO='0'
MONGOC_ENABLE_CRYPTO_LIBCRYPTO='0'
MONGOC_ENABLE_CRYPTO_SYSTEM_PROFILE='0'
MONGOC_ENABLE_ICU='0'
MONGOC_ENABLE_RDTSCP='0'
MONGOC_ENABLE_SASL='0'
MONGOC_ENABLE_SASL_CYRUS='0'
MONGOC_ENABLE_SASL_GSSAPI='0'
MONGOC_ENABLE_SASL_SSPI='0'
MONGOC_ENABLE_SHM_COUNTERS='0'
MONGOC_ENABLE_SSL='0'
MONGOC_ENABLE_SSL_LIBRESSL='0'
MONGOC_ENABLE_SSL_OPENSSL='0'
MONGOC_ENABLE_SSL_SECURE_CHANNEL='0'
MONGOC_ENABLE_SSL_SECURE_TRANSPORT='0'
MONGOC_HAVE_ASN1_STRING_GET0_DATA='0'
MONGOC_HAVE_DNSAPI='0'
MONGOC_HAVE_RES_NCLOSE='1'
MONGOC_HAVE_RES_NDESTROY='0'
MONGOC_HAVE_RES_NSEARCH='1'
MONGOC_HAVE_RES_SEARCH='0'
MONGOC_HAVE_SASL_CLIENT_DONE='0'
MONGOC_HAVE_SCHED_GETCPU='1'
MONGOC_HAVE_SOCKLEN='1'
MONGOC_HAVE_SS_FAMILY='0'
MONGOC_HAVE_WEAK_SYMBOLS='1'
MONGOC_MAJOR_VERSION='1'
MONGOC_MICRO_VERSION='2'
MONGOC_MINOR_VERSION='16'
MONGOC_NO_AUTOMATIC_GLOBALS='1'
MONGOC_PRERELEASE_VERSION=''
MONGOC_SOCKET_ARG2='struct sockaddr'
MONGOC_SOCKET_ARG3='socklen_t'
MONGOC_TRACE='1'
MONGOC_USER_SET_CFLAGS=''
MONGOC_USER_SET_LDFLAGS=''
MONGOC_VERSION='1.16.2'
NMEDIT=''
OBJEXT='o'
PACKAGE_BUGREPORT=''
PACKAGE_NAME=''
PACKAGE_STRING=''
PACKAGE_TARNAME=''
PACKAGE_URL=''
PACKAGE_VERSION=''
PATH_SEPARATOR=':'
PHP_MONGODB_ICU_CFLAGS=''
PHP_MONGODB_ICU_LIBS=''
PHP_MONGODB_SASL_CFLAGS=''
PHP_MONGODB_SASL_LIBS=''
PHP_MONGODB_SNAPPY_CFLAGS=''
PHP_MONGODB_SNAPPY_LIBS=''
PHP_MONGODB_SSL_CFLAGS=''
PHP_MONGODB_SSL_LIBS=''
PHP_MONGODB_ZLIB_CFLAGS=' -DBSON_COMPILATION -DMONGOC_COMPILATION -pthread -pthread -DHAVE_UNISTD_H=1'
PHP_MONGODB_ZLIB_LIBS=''
PKG_CONFIG='/usr/bin/pkg-config'
PKG_CONFIG_LIBDIR=''
PKG_CONFIG_PATH=''
PTHREAD_CC='cc'
PTHREAD_CFLAGS='-pthread'
PTHREAD_LIBS=''
RANLIB='ranlib'
RE2C='re2c'
SED='/bin/sed'
SHELL='/bin/bash'
SHLIB_DL_SUFFIX_NAME='so'
SHLIB_SUFFIX_NAME='so'
STRIP='strip'
ac_ct_CC='cc'
ac_ct_CXX='g++'
ax_pthread_config=''
bindir='${exec_prefix}/bin'
build='x86_64-unknown-linux-gnu'
build_alias=''
build_cpu='x86_64'
build_os='linux-gnu'
build_vendor='unknown'
datadir='${datarootdir}'
datarootdir='${prefix}/share'
docdir='${datarootdir}/doc/${PACKAGE}'
dvidir='${docdir}'
exec_prefix='$(prefix)'
host='x86_64-unknown-linux-gnu'
host_alias='x86_64-unknown-linux-gnu'
host_cpu='x86_64'
host_os='linux-gnu'
host_vendor='unknown'
htmldir='${docdir}'
includedir='${prefix}/include'
infodir='${datarootdir}/info'
libdir='${exec_prefix}/lib'
libexecdir='${exec_prefix}/libexec'
localedir='${datarootdir}/locale'
localstatedir='${prefix}/var'
mandir='${datarootdir}/man'
oldincludedir='/usr/include'
pdfdir='${docdir}'
prefix='/usr/local'
program_transform_name='s,x,x,'
psdir='${docdir}'
runstatedir='${localstatedir}/run'
sbindir='${exec_prefix}/sbin'
sharedstatedir='${prefix}/com'
sysconfdir='${prefix}/etc'
target='x86_64-unknown-linux-gnu'
target_alias=''
target_cpu='x86_64'
target_os='linux-gnu'
target_vendor='unknown'

## ----------- ##
## confdefs.h. ##
## ----------- ##

/* confdefs.h */
#define PACKAGE_NAME ""
#define PACKAGE_TARNAME ""
#define PACKAGE_VERSION ""
#define PACKAGE_STRING ""
#define PACKAGE_BUGREPORT ""
#define PACKAGE_URL ""
#define ACCEPT_ARG2 struct sockaddr
#define ACCEPT_ARG3 socklen_t
#define HAVE_TYPEOF 1
#define STDC_HEADERS 1
#define HAVE_SYS_TYPES_H 1
#define HAVE_SYS_STAT_H 1
#define HAVE_STDLIB_H 1
#define HAVE_STRING_H 1
#define HAVE_MEMORY_H 1
#define HAVE_STRINGS_H 1
#define HAVE_INTTYPES_H 1
#define HAVE_STDINT_H 1
#define HAVE_UNISTD_H 1
#define HAVE__BOOL 1
#define HAVE_STDBOOL_H 1
#define HAVE_PTHREAD_PRIO_INHERIT 1
#define HAVE_PTHREAD_PRIO_INHERIT 1
#define COMPILE_DL_MONGODB 1
#define HAVE_DLFCN_H 1

configure: exit 0
